;  LST file generated by mikroListExporter - v.2.0 
; Date/Time: 5/19/2012 7:49:51 PM
;----------------------------------------------

;Address Opcode 	ASM
0x0000	0x2BB3      	GOTO       947
_Delay_50us:
;__Lib_Delays.c,19 :: 		void Delay_50us() {
;__Lib_Delays.c,20 :: 		Delay_us(50);
0x0003	0x3021      	MOVLW      33
0x0004	0x1283      	BCF        STATUS, 5
0x0005	0x1303      	BCF        STATUS, 6
0x0006	0x00FD      	MOVWF      R13
L_Delay_50us2:
0x0007	0x0BFD      	DECFSZ     R13, 1
0x0008	0x2807      	GOTO       L_Delay_50us2
;__Lib_Delays.c,21 :: 		}
0x0009	0x0008      	RETURN
; end of _Delay_50us
_Delay_5500us:
;__Lib_Delays.c,31 :: 		void Delay_5500us() {
;__Lib_Delays.c,32 :: 		Delay_us(5500);
0x000A	0x300F      	MOVLW      15
0x000B	0x1283      	BCF        STATUS, 5
0x000C	0x1303      	BCF        STATUS, 6
0x000D	0x00FC      	MOVWF      R12
0x000E	0x3047      	MOVLW      71
0x000F	0x00FD      	MOVWF      R13
L_Delay_5500us5:
0x0010	0x0BFD      	DECFSZ     R13, 1
0x0011	0x2810      	GOTO       L_Delay_5500us5
0x0012	0x0BFC      	DECFSZ     R12, 1
0x0013	0x2810      	GOTO       L_Delay_5500us5
0x0014	0x0000      	NOP
0x0015	0x0000      	NOP
;__Lib_Delays.c,33 :: 		}
0x0016	0x0008      	RETURN
; end of _Delay_5500us
_Delay_1us:
;__Lib_Delays.c,7 :: 		void Delay_1us() {
;__Lib_Delays.c,8 :: 		Delay_us(1);
0x0017	0x0000      	NOP
0x0018	0x0000      	NOP
;__Lib_Delays.c,9 :: 		}
0x0019	0x0008      	RETURN
; end of _Delay_1us
_Lcd_Cmd:
;__Lib_Lcd.c,18 :: 		
;__Lib_Lcd.c,20 :: 		
0x001A	0x1283      	BCF        STATUS, 5
0x001B	0x1303      	BCF        STATUS, 6
0x001C	0x1BD8      	BTFSC      FARG_Lcd_Cmd_out_char, 7
0x001D	0x2820      	GOTO       L__Lcd_Cmd20
0x001E	0x1387      	BCF        LCD_D7, BitPos(LCD_D7+0)
0x001F	0x2821      	GOTO       L__Lcd_Cmd21
L__Lcd_Cmd20:
0x0020	0x1787      	BSF        LCD_D7, BitPos(LCD_D7+0)
L__Lcd_Cmd21:
;__Lib_Lcd.c,21 :: 		
0x0021	0x1B58      	BTFSC      FARG_Lcd_Cmd_out_char, 6
0x0022	0x2825      	GOTO       L__Lcd_Cmd22
0x0023	0x1307      	BCF        LCD_D6, BitPos(LCD_D6+0)
0x0024	0x2826      	GOTO       L__Lcd_Cmd23
L__Lcd_Cmd22:
0x0025	0x1707      	BSF        LCD_D6, BitPos(LCD_D6+0)
L__Lcd_Cmd23:
;__Lib_Lcd.c,22 :: 		
0x0026	0x1AD8      	BTFSC      FARG_Lcd_Cmd_out_char, 5
0x0027	0x282A      	GOTO       L__Lcd_Cmd24
0x0028	0x1287      	BCF        LCD_D5, BitPos(LCD_D5+0)
0x0029	0x282B      	GOTO       L__Lcd_Cmd25
L__Lcd_Cmd24:
0x002A	0x1687      	BSF        LCD_D5, BitPos(LCD_D5+0)
L__Lcd_Cmd25:
;__Lib_Lcd.c,23 :: 		
0x002B	0x1A58      	BTFSC      FARG_Lcd_Cmd_out_char, 4
0x002C	0x282F      	GOTO       L__Lcd_Cmd26
0x002D	0x1207      	BCF        LCD_D4, BitPos(LCD_D4+0)
0x002E	0x2830      	GOTO       L__Lcd_Cmd27
L__Lcd_Cmd26:
0x002F	0x1607      	BSF        LCD_D4, BitPos(LCD_D4+0)
L__Lcd_Cmd27:
;__Lib_Lcd.c,25 :: 		
0x0030	0x1847      	BTFSC      __Lib_Lcd_cmd_status, BitPos(__Lib_Lcd_cmd_status+0)
0x0031	0x2834      	GOTO       L__Lcd_Cmd28
0x0032	0x1686      	BSF        LCD_RS, BitPos(LCD_RS+0)
0x0033	0x2835      	GOTO       L__Lcd_Cmd29
L__Lcd_Cmd28:
0x0034	0x1286      	BCF        LCD_RS, BitPos(LCD_RS+0)
L__Lcd_Cmd29:
;__Lib_Lcd.c,28 :: 		
0x0035	0x1786      	BSF        LCD_EN, BitPos(LCD_EN+0)
;__Lib_Lcd.c,29 :: 		
0x0036	0x2017      	CALL       _Delay_1us
;__Lib_Lcd.c,30 :: 		
0x0037	0x1386      	BCF        LCD_EN, BitPos(LCD_EN+0)
;__Lib_Lcd.c,33 :: 		
0x0038	0x19D8      	BTFSC      FARG_Lcd_Cmd_out_char, 3
0x0039	0x283C      	GOTO       L__Lcd_Cmd30
0x003A	0x1387      	BCF        LCD_D7, BitPos(LCD_D7+0)
0x003B	0x283D      	GOTO       L__Lcd_Cmd31
L__Lcd_Cmd30:
0x003C	0x1787      	BSF        LCD_D7, BitPos(LCD_D7+0)
L__Lcd_Cmd31:
;__Lib_Lcd.c,34 :: 		
0x003D	0x1958      	BTFSC      FARG_Lcd_Cmd_out_char, 2
0x003E	0x2841      	GOTO       L__Lcd_Cmd32
0x003F	0x1307      	BCF        LCD_D6, BitPos(LCD_D6+0)
0x0040	0x2842      	GOTO       L__Lcd_Cmd33
L__Lcd_Cmd32:
0x0041	0x1707      	BSF        LCD_D6, BitPos(LCD_D6+0)
L__Lcd_Cmd33:
;__Lib_Lcd.c,35 :: 		
0x0042	0x18D8      	BTFSC      FARG_Lcd_Cmd_out_char, 1
0x0043	0x2846      	GOTO       L__Lcd_Cmd34
0x0044	0x1287      	BCF        LCD_D5, BitPos(LCD_D5+0)
0x0045	0x2847      	GOTO       L__Lcd_Cmd35
L__Lcd_Cmd34:
0x0046	0x1687      	BSF        LCD_D5, BitPos(LCD_D5+0)
L__Lcd_Cmd35:
;__Lib_Lcd.c,36 :: 		
0x0047	0x1858      	BTFSC      FARG_Lcd_Cmd_out_char, 0
0x0048	0x284B      	GOTO       L__Lcd_Cmd36
0x0049	0x1207      	BCF        LCD_D4, BitPos(LCD_D4+0)
0x004A	0x284C      	GOTO       L__Lcd_Cmd37
L__Lcd_Cmd36:
0x004B	0x1607      	BSF        LCD_D4, BitPos(LCD_D4+0)
L__Lcd_Cmd37:
;__Lib_Lcd.c,38 :: 		
0x004C	0x1847      	BTFSC      __Lib_Lcd_cmd_status, BitPos(__Lib_Lcd_cmd_status+0)
0x004D	0x2850      	GOTO       L__Lcd_Cmd38
0x004E	0x1686      	BSF        LCD_RS, BitPos(LCD_RS+0)
0x004F	0x2851      	GOTO       L__Lcd_Cmd39
L__Lcd_Cmd38:
0x0050	0x1286      	BCF        LCD_RS, BitPos(LCD_RS+0)
L__Lcd_Cmd39:
;__Lib_Lcd.c,40 :: 		
0x0051	0x1786      	BSF        LCD_EN, BitPos(LCD_EN+0)
;__Lib_Lcd.c,41 :: 		
0x0052	0x2017      	CALL       _Delay_1us
;__Lib_Lcd.c,42 :: 		
0x0053	0x1386      	BCF        LCD_EN, BitPos(LCD_EN+0)
;__Lib_Lcd.c,44 :: 		
0x0054	0x1C47      	BTFSS      __Lib_Lcd_cmd_status, BitPos(__Lib_Lcd_cmd_status+0)
0x0055	0x2858      	GOTO       L_Lcd_Cmd0
;__Lib_Lcd.c,45 :: 		
0x0056	0x200A      	CALL       _Delay_5500us
0x0057	0x2859      	GOTO       L_Lcd_Cmd1
L_Lcd_Cmd0:
;__Lib_Lcd.c,47 :: 		
0x0058	0x2003      	CALL       _Delay_50us
L_Lcd_Cmd1:
;__Lib_Lcd.c,48 :: 		
0x0059	0x0008      	RETURN
; end of _Lcd_Cmd
_RES032:
;__Lib_MathDouble.c,123 :: 		
;__Lib_MathDouble.c,128 :: 		
0x005A	0x01F2      	CLRF       R2
;__Lib_MathDouble.c,129 :: 		
0x005B	0x01F1      	CLRF       R1
;__Lib_MathDouble.c,130 :: 		
0x005C	0x01F0      	CLRF       R0
;__Lib_MathDouble.c,131 :: 		
0x005D	0x01F8      	CLRF       R8
;__Lib_MathDouble.c,132 :: 		
0x005E	0x01F3      	CLRF       R3
;__Lib_MathDouble.c,133 :: 		
0x005F	0x3000      	MOVLW      0
;__Lib_MathDouble.c,135 :: 		
0x0060	0x0008      	RETURN
; end of _RES032
_FIXSIGN32:
;__Lib_MathDouble.c,112 :: 		
;__Lib_MathDouble.c,116 :: 		
0x0061	0x1FFA      	BTFSS      R10, 7
;__Lib_MathDouble.c,117 :: 		
0x0062	0x13F2      	BCF        R2, 7
;__Lib_MathDouble.c,118 :: 		
0x0063	0x3000      	MOVLW      0
;__Lib_MathDouble.c,120 :: 		
0x0064	0x0008      	RETURN
; end of _FIXSIGN32
_SETFUN32:
;__Lib_MathDouble.c,138 :: 		
;__Lib_MathDouble.c,145 :: 		
0x0065	0x157B      	BSF        R11, 2
;__Lib_MathDouble.c,146 :: 		
0x0066	0x1FFB      	BTFSS      R11, 7
;__Lib_MathDouble.c,147 :: 		
0x0067	0x286F      	GOTO       SETFUN32EEE
;__Lib_MathDouble.c,148 :: 		
0x0068	0x3001      	MOVLW      1
;__Lib_MathDouble.c,149 :: 		
0x0069	0x00F3      	MOVWF      R3
;__Lib_MathDouble.c,150 :: 		
0x006A	0x01F2      	CLRF       R2
;__Lib_MathDouble.c,151 :: 		
0x006B	0x01F1      	CLRF       R1
;__Lib_MathDouble.c,152 :: 		
0x006C	0x01F0      	CLRF       R0
;__Lib_MathDouble.c,153 :: 		
0x006D	0x0DFA      	RLF        R10, 1
;__Lib_MathDouble.c,154 :: 		
0x006E	0x0CF2      	RRF        R2, 1
;__Lib_MathDouble.c,155 :: 		
SETFUN32EEE:
;__Lib_MathDouble.c,156 :: 		
0x006F	0x30FF      	MOVLW      255
;__Lib_MathDouble.c,158 :: 		
0x0070	0x0008      	RETURN
; end of _SETFUN32
_SETIOV3224:
;__Lib_MathDouble.c,1000 :: 		
;__Lib_MathDouble.c,1006 :: 		
0x0071	0x147B      	BSF        R11, 0
;__Lib_MathDouble.c,1007 :: 		
0x0072	0x1FFB      	BTFSS      R11, 7
;__Lib_MathDouble.c,1008 :: 		
0x0073	0x287C      	GOTO       SETIOV3224EEE
;__Lib_MathDouble.c,1010 :: 		
0x0074	0x01F2      	CLRF       R2
;__Lib_MathDouble.c,1011 :: 		
0x0075	0x1FFA      	BTFSS      R10, 7
;__Lib_MathDouble.c,1012 :: 		
0x0076	0x30FF      	MOVLW      255
;__Lib_MathDouble.c,1013 :: 		
0x0077	0x00F2      	MOVWF      R2
;__Lib_MathDouble.c,1014 :: 		
0x0078	0x00F1      	MOVWF      R1
;__Lib_MathDouble.c,1015 :: 		
0x0079	0x00F0      	MOVWF      R0
;__Lib_MathDouble.c,1016 :: 		
0x007A	0x0DFA      	RLF        R10, 1
;__Lib_MathDouble.c,1017 :: 		
0x007B	0x0CF2      	RRF        R2, 1
;__Lib_MathDouble.c,1018 :: 		
SETIOV3224EEE:
;__Lib_MathDouble.c,1019 :: 		
0x007C	0x30FF      	MOVLW      255
;__Lib_MathDouble.c,1021 :: 		
0x007D	0x0008      	RETURN
; end of _SETIOV3224
_____DoICP:
;__Lib_System.c,6 :: 		
;__Lib_System.c,9 :: 		
0x007E	0x1283      	BCF        STATUS, 5
0x007F	0x1303      	BCF        STATUS, 6
0x0080	0x0846      	MOVF       ___DoICPAddr+1, 0
0x0081	0x008A      	MOVWF      PCLATH
;__Lib_System.c,10 :: 		
0x0082	0x0845      	MOVF       ___DoICPAddr, 0
0x0083	0x0082      	MOVWF      PCL
;__Lib_System.c,12 :: 		
0x0084	0x0008      	RETURN
; end of _____DoICP
_Delay_22us:
;__Lib_Delays.c,15 :: 		void Delay_22us() {
;__Lib_Delays.c,16 :: 		Delay_us(22);
0x0085	0x300E      	MOVLW      14
0x0086	0x1283      	BCF        STATUS, 5
0x0087	0x1303      	BCF        STATUS, 6
0x0088	0x00FD      	MOVWF      R13
L_Delay_22us1:
0x0089	0x0BFD      	DECFSZ     R13, 1
0x008A	0x2889      	GOTO       L_Delay_22us1
0x008B	0x0000      	NOP
;__Lib_Delays.c,17 :: 		}
0x008C	0x0008      	RETURN
; end of _Delay_22us
_Lcd_Chr_CP:
;__Lib_Lcd.c,50 :: 		
;__Lib_Lcd.c,52 :: 		
0x008D	0x1283      	BCF        STATUS, 5
0x008E	0x1303      	BCF        STATUS, 6
0x008F	0x1047      	BCF        __Lib_Lcd_cmd_status, BitPos(__Lib_Lcd_cmd_status+0)
;__Lib_Lcd.c,53 :: 		
0x0090	0x0857      	MOVF       FARG_Lcd_Chr_CP_out_char, 0
0x0091	0x00D8      	MOVWF      FARG_Lcd_Cmd_out_char
0x0092	0x201A      	CALL       _Lcd_Cmd
;__Lib_Lcd.c,54 :: 		
0x0093	0x1447      	BSF        __Lib_Lcd_cmd_status, BitPos(__Lib_Lcd_cmd_status+0)
;__Lib_Lcd.c,55 :: 		
0x0094	0x0008      	RETURN
; end of _Lcd_Chr_CP
_NRM3232:
;__Lib_MathDouble.c,167 :: 		
;__Lib_MathDouble.c,173 :: 		
;__Lib_MathDouble.c,175 :: 		
0x0095	0x01A0      	CLRF       __math_tempbD
;__Lib_MathDouble.c,176 :: 		
0x0096	0x0872      	MOVF       R2, 0
;__Lib_MathDouble.c,177 :: 		
0x0097	0x1D03      	BTFSS      STATUS, 2
;__Lib_MathDouble.c,178 :: 		
0x0098	0x28AA      	GOTO       NORM3232
;__Lib_MathDouble.c,179 :: 		
0x0099	0x0871      	MOVF       R1, 0
;__Lib_MathDouble.c,180 :: 		
0x009A	0x00F2      	MOVWF      R2
;__Lib_MathDouble.c,181 :: 		
0x009B	0x0870      	MOVF       R0, 0
;__Lib_MathDouble.c,182 :: 		
0x009C	0x00F1      	MOVWF      R1
;__Lib_MathDouble.c,183 :: 		
0x009D	0x01F0      	CLRF       R0
;__Lib_MathDouble.c,184 :: 		
0x009E	0x15A0      	BSF        __math_tempbD, 3
;__Lib_MathDouble.c,186 :: 		
0x009F	0x0872      	MOVF       R2, 0
;__Lib_MathDouble.c,187 :: 		
0x00A0	0x1D03      	BTFSS      STATUS, 2
;__Lib_MathDouble.c,188 :: 		
0x00A1	0x28AA      	GOTO       NORM3232
;__Lib_MathDouble.c,189 :: 		
0x00A2	0x0871      	MOVF       R1, 0
;__Lib_MathDouble.c,190 :: 		
0x00A3	0x00F2      	MOVWF      R2
;__Lib_MathDouble.c,191 :: 		
0x00A4	0x01F1      	CLRF       R1
;__Lib_MathDouble.c,192 :: 		
0x00A5	0x11A0      	BCF        __math_tempbD, 3
;__Lib_MathDouble.c,193 :: 		
0x00A6	0x1620      	BSF        __math_tempbD, 4
;__Lib_MathDouble.c,195 :: 		
0x00A7	0x0872      	MOVF       R2, 0
;__Lib_MathDouble.c,196 :: 		
0x00A8	0x1903      	BTFSC      STATUS, 2
;__Lib_MathDouble.c,197 :: 		
0x00A9	0x28B8      	GOTO       JPNRES032
;__Lib_MathDouble.c,198 :: 		
NORM3232:
;__Lib_MathDouble.c,199 :: 		
0x00AA	0x0820      	MOVF       __math_tempbD, 0
;__Lib_MathDouble.c,200 :: 		
0x00AB	0x02F3      	SUBWF      R3, 1
;__Lib_MathDouble.c,201 :: 		
0x00AC	0x1D03      	BTFSS      STATUS, 2
;__Lib_MathDouble.c,202 :: 		
0x00AD	0x1C03      	BTFSS      STATUS, 0
;__Lib_MathDouble.c,203 :: 		
0x00AE	0x28BC      	GOTO       JPNSETFUN32
;__Lib_MathDouble.c,204 :: 		
0x00AF	0x1003      	BCF        STATUS, 0
;__Lib_MathDouble.c,205 :: 		
NORM3232A:
;__Lib_MathDouble.c,206 :: 		
0x00B0	0x1BF2      	BTFSC      R2, 7
;__Lib_MathDouble.c,207 :: 		
0x00B1	0x28C0      	GOTO       JMPNFIXSIGN32
;__Lib_MathDouble.c,208 :: 		
0x00B2	0x0DF0      	RLF        R0, 1
;__Lib_MathDouble.c,209 :: 		
0x00B3	0x0DF1      	RLF        R1, 1
;__Lib_MathDouble.c,210 :: 		
0x00B4	0x0DF2      	RLF        R2, 1
;__Lib_MathDouble.c,211 :: 		
0x00B5	0x0BF3      	DECFSZ     R3, 1
;__Lib_MathDouble.c,212 :: 		
0x00B6	0x28B0      	GOTO       NORM3232A
;__Lib_MathDouble.c,213 :: 		
0x00B7	0x28BC      	GOTO       JPNSETFUN32
;__Lib_MathDouble.c,214 :: 		
JPNRES032:
;__Lib_MathDouble.c,215 :: 		
0x00B8	0x3001      	MOVLW      1
;__Lib_MathDouble.c,216 :: 		
0x00B9	0x00FC      	MOVWF      R12
;__Lib_MathDouble.c,218 :: 		
0x00BA	0x205A      	CALL       _RES032
;__Lib_MathDouble.c,220 :: 		
0x00BB	0x28C3      	GOTO       NORM32EEE
;__Lib_MathDouble.c,221 :: 		
JPNSETFUN32:
;__Lib_MathDouble.c,222 :: 		
0x00BC	0x3002      	MOVLW      2
;__Lib_MathDouble.c,223 :: 		
0x00BD	0x00FC      	MOVWF      R12
;__Lib_MathDouble.c,225 :: 		
0x00BE	0x2065      	CALL       _SETFUN32
;__Lib_MathDouble.c,227 :: 		
0x00BF	0x28C3      	GOTO       NORM32EEE
;__Lib_MathDouble.c,228 :: 		
JMPNFIXSIGN32:
;__Lib_MathDouble.c,229 :: 		
0x00C0	0x3004      	MOVLW      4
;__Lib_MathDouble.c,230 :: 		
0x00C1	0x00FC      	MOVWF      R12
;__Lib_MathDouble.c,232 :: 		
0x00C2	0x2061      	CALL       _FIXSIGN32
;__Lib_MathDouble.c,234 :: 		
NORM32EEE:
;__Lib_MathDouble.c,236 :: 		
0x00C3	0x0008      	RETURN
; end of _NRM3232
_SETFOV32:
;__Lib_MathDouble.c,79 :: 		
;__Lib_MathDouble.c,86 :: 		
0x00C4	0x14FB      	BSF        R11, 1
;__Lib_MathDouble.c,87 :: 		
0x00C5	0x1FFB      	BTFSS      R11, 7
;__Lib_MathDouble.c,88 :: 		
0x00C6	0x28CE      	GOTO       SETFOV32EEE
;__Lib_MathDouble.c,89 :: 		
0x00C7	0x30FF      	MOVLW      255
;__Lib_MathDouble.c,90 :: 		
0x00C8	0x00F3      	MOVWF      R3
;__Lib_MathDouble.c,91 :: 		
0x00C9	0x00F2      	MOVWF      R2
;__Lib_MathDouble.c,92 :: 		
0x00CA	0x00F1      	MOVWF      R1
;__Lib_MathDouble.c,93 :: 		
0x00CB	0x00F0      	MOVWF      R0
;__Lib_MathDouble.c,94 :: 		
0x00CC	0x0DFA      	RLF        R10, 1
;__Lib_MathDouble.c,95 :: 		
0x00CD	0x0CF2      	RRF        R2, 1
;__Lib_MathDouble.c,96 :: 		
SETFOV32EEE:
;__Lib_MathDouble.c,97 :: 		
0x00CE	0x30FF      	MOVLW      255
;__Lib_MathDouble.c,99 :: 		
0x00CF	0x0008      	RETURN
; end of _SETFOV32
_SETFDZ32:
;__Lib_MathDouble.c,102 :: 		
;__Lib_MathDouble.c,105 :: 		
0x00D0	0x15FB      	BSF        R11, 3
;__Lib_MathDouble.c,106 :: 		
0x00D1	0x30FF      	MOVLW      255
;__Lib_MathDouble.c,108 :: 		
0x00D2	0x0008      	RETURN
; end of _SETFDZ32
_Div_32x32_FP:
;__Lib_MathDouble.c,761 :: 		
;__Lib_MathDouble.c,773 :: 		
;__Lib_MathDouble.c,776 :: 		
0x00D3	0x1283      	BCF        STATUS, 5
0x00D4	0x1303      	BCF        STATUS, 6
0x00D5	0x0874      	MOVF       R4, 0
0x00D6	0x3A00      	XORLW      0
0x00D7	0x1D03      	BTFSS      STATUS, 2
0x00D8	0x28EE      	GOTO       L_Div_32x32_FP7
;__Lib_MathDouble.c,777 :: 		
0x00D9	0x0875      	MOVF       R5, 0
0x00DA	0x3A00      	XORLW      0
0x00DB	0x1D03      	BTFSS      STATUS, 2
0x00DC	0x28EE      	GOTO       L_Div_32x32_FP8
;__Lib_MathDouble.c,778 :: 		
0x00DD	0x0876      	MOVF       R6, 0
0x00DE	0x3A00      	XORLW      0
0x00DF	0x1D03      	BTFSS      STATUS, 2
0x00E0	0x28EE      	GOTO       L_Div_32x32_FP9
;__Lib_MathDouble.c,779 :: 		
0x00E1	0x0877      	MOVF       R7, 0
0x00E2	0x3A00      	XORLW      0
0x00E3	0x1D03      	BTFSS      STATUS, 2
0x00E4	0x28EE      	GOTO       L_Div_32x32_FP10
;__Lib_MathDouble.c,780 :: 		
0x00E5	0x30FF      	MOVLW      255
0x00E6	0x00F0      	MOVWF      R0
;__Lib_MathDouble.c,781 :: 		
0x00E7	0x30FF      	MOVLW      255
0x00E8	0x00F1      	MOVWF      R1
;__Lib_MathDouble.c,782 :: 		
0x00E9	0x307F      	MOVLW      127
0x00EA	0x00F2      	MOVWF      R2
;__Lib_MathDouble.c,783 :: 		
0x00EB	0x30FF      	MOVLW      255
0x00EC	0x00F3      	MOVWF      R3
;__Lib_MathDouble.c,784 :: 		
0x00ED	0x0008      	RETURN
;__Lib_MathDouble.c,785 :: 		
L_Div_32x32_FP10:
L_Div_32x32_FP9:
L_Div_32x32_FP8:
L_Div_32x32_FP7:
;__Lib_MathDouble.c,788 :: 		
0x00EE	0x1283      	BCF        STATUS, 5
;__Lib_MathDouble.c,789 :: 		
0x00EF	0x1303      	BCF        STATUS, 6
;__Lib_MathDouble.c,791 :: 		
0x00F0	0x0877      	MOVF       R7, 0
;__Lib_MathDouble.c,792 :: 		
0x00F1	0x1903      	BTFSC      STATUS, 2
;__Lib_MathDouble.c,793 :: 		
0x00F2	0x297D      	GOTO       JPDSETFDZ32
;__Lib_MathDouble.c,795 :: 		
0x00F3	0x0873      	MOVF       R3, 0
;__Lib_MathDouble.c,796 :: 		
0x00F4	0x1903      	BTFSC      STATUS, 2
;__Lib_MathDouble.c,797 :: 		
0x00F5	0x2980      	GOTO       JPDRES032
;__Lib_MathDouble.c,799 :: 		
0x00F6	0x0872      	MOVF       R2, 0
;__Lib_MathDouble.c,800 :: 		
0x00F7	0x0676      	XORWF      R6, 0
;__Lib_MathDouble.c,801 :: 		
0x00F8	0x3980      	ANDLW      128
;__Lib_MathDouble.c,802 :: 		
0x00F9	0x00FA      	MOVWF      R10
;__Lib_MathDouble.c,803 :: 		
0x00FA	0x17F2      	BSF        R2, 7
;__Lib_MathDouble.c,804 :: 		
0x00FB	0x17F6      	BSF        R6, 7
;__Lib_MathDouble.c,806 :: 		
0x00FC	0x01A0      	CLRF       __math_tempbD
;__Lib_MathDouble.c,807 :: 		
0x00FD	0x0872      	MOVF       R2, 0
;__Lib_MathDouble.c,808 :: 		
0x00FE	0x00F8      	MOVWF      R8
;__Lib_MathDouble.c,809 :: 		
0x00FF	0x0871      	MOVF       R1, 0
;__Lib_MathDouble.c,810 :: 		
0x0100	0x00FC      	MOVWF      R12
;__Lib_MathDouble.c,811 :: 		
0x0101	0x0870      	MOVF       R0, 0
;__Lib_MathDouble.c,812 :: 		
0x0102	0x00FD      	MOVWF      R13
;__Lib_MathDouble.c,814 :: 		
0x0103	0x0874      	MOVF       R4, 0
;__Lib_MathDouble.c,815 :: 		
0x0104	0x02FD      	SUBWF      R13, 1
;__Lib_MathDouble.c,816 :: 		
0x0105	0x0875      	MOVF       R5, 0
;__Lib_MathDouble.c,817 :: 		
0x0106	0x1C03      	BTFSS      STATUS, 0
;__Lib_MathDouble.c,818 :: 		
0x0107	0x0F75      	INCFSZ     R5, 0
;__Lib_MathDouble.c,820 :: 		
0x0108	0x02FC      	SUBWF      R12, 1
;__Lib_MathDouble.c,821 :: 		
0x0109	0x0876      	MOVF       R6, 0
;__Lib_MathDouble.c,822 :: 		
0x010A	0x1C03      	BTFSS      STATUS, 0
;__Lib_MathDouble.c,823 :: 		
0x010B	0x0F76      	INCFSZ     R6, 0
;__Lib_MathDouble.c,825 :: 		
0x010C	0x02F8      	SUBWF      R8, 1
;__Lib_MathDouble.c,826 :: 		
0x010D	0x01F8      	CLRF       R8
;__Lib_MathDouble.c,827 :: 		
0x010E	0x01FC      	CLRF       R12
;__Lib_MathDouble.c,828 :: 		
0x010F	0x01FD      	CLRF       R13
;__Lib_MathDouble.c,829 :: 		
0x0110	0x1C03      	BTFSS      STATUS, 0
;__Lib_MathDouble.c,830 :: 		
0x0111	0x2919      	GOTO       DALIGN32OK
;__Lib_MathDouble.c,832 :: 		
0x0112	0x1003      	BCF        STATUS, 0
;__Lib_MathDouble.c,833 :: 		
0x0113	0x0CF2      	RRF        R2, 1
;__Lib_MathDouble.c,834 :: 		
0x0114	0x0CF1      	RRF        R1, 1
;__Lib_MathDouble.c,835 :: 		
0x0115	0x0CF0      	RRF        R0, 1
;__Lib_MathDouble.c,836 :: 		
0x0116	0x0CF8      	RRF        R8, 1
;__Lib_MathDouble.c,837 :: 		
0x0117	0x3001      	MOVLW      1
;__Lib_MathDouble.c,838 :: 		
0x0118	0x00A0      	MOVWF      __math_tempbD
;__Lib_MathDouble.c,839 :: 		
DALIGN32OK:
;__Lib_MathDouble.c,840 :: 		
0x0119	0x0877      	MOVF       R7, 0
;__Lib_MathDouble.c,841 :: 		
0x011A	0x02F3      	SUBWF      R3, 1
;__Lib_MathDouble.c,842 :: 		
0x011B	0x1C03      	BTFSS      STATUS, 0
;__Lib_MathDouble.c,843 :: 		
0x011C	0x2923      	GOTO       ALTB32
;__Lib_MathDouble.c,845 :: 		
0x011D	0x307E      	MOVLW      126
;__Lib_MathDouble.c,846 :: 		
0x011E	0x0720      	ADDWF      __math_tempbD, 0
;__Lib_MathDouble.c,847 :: 		
0x011F	0x07F3      	ADDWF      R3, 1
;__Lib_MathDouble.c,848 :: 		
0x0120	0x1803      	BTFSC      STATUS, 0
;__Lib_MathDouble.c,849 :: 		
0x0121	0x2983      	GOTO       JPDSETFOV32
;__Lib_MathDouble.c,850 :: 		
0x0122	0x2928      	GOTO       DARGOK32
;__Lib_MathDouble.c,851 :: 		
ALTB32:
;__Lib_MathDouble.c,852 :: 		
0x0123	0x307E      	MOVLW      126
;__Lib_MathDouble.c,853 :: 		
0x0124	0x0720      	ADDWF      __math_tempbD, 0
;__Lib_MathDouble.c,854 :: 		
0x0125	0x07F3      	ADDWF      R3, 1
;__Lib_MathDouble.c,855 :: 		
0x0126	0x1C03      	BTFSS      STATUS, 0
;__Lib_MathDouble.c,856 :: 		
0x0127	0x2986      	GOTO       JPDSETFUN32
;__Lib_MathDouble.c,857 :: 		
DARGOK32:
;__Lib_MathDouble.c,858 :: 		
0x0128	0x3018      	MOVLW      24
;__Lib_MathDouble.c,860 :: 		
0x0129	0x07FA      	ADDWF      R10, 1
;__Lib_MathDouble.c,861 :: 		
DLOOP32:
;__Lib_MathDouble.c,862 :: 		
0x012A	0x0DFD      	RLF        R13, 1
;__Lib_MathDouble.c,863 :: 		
0x012B	0x0DFC      	RLF        R12, 1
;__Lib_MathDouble.c,864 :: 		
0x012C	0x0DF8      	RLF        R8, 1
;__Lib_MathDouble.c,865 :: 		
0x012D	0x0DF0      	RLF        R0, 1
;__Lib_MathDouble.c,866 :: 		
0x012E	0x0DF1      	RLF        R1, 1
;__Lib_MathDouble.c,867 :: 		
0x012F	0x0DF2      	RLF        R2, 1
;__Lib_MathDouble.c,868 :: 		
0x0130	0x0DA0      	RLF        __math_tempbD, 1
;__Lib_MathDouble.c,870 :: 		
0x0131	0x0874      	MOVF       R4, 0
;__Lib_MathDouble.c,871 :: 		
0x0132	0x02F0      	SUBWF      R0, 1
;__Lib_MathDouble.c,872 :: 		
0x0133	0x0875      	MOVF       R5, 0
;__Lib_MathDouble.c,873 :: 		
0x0134	0x1C03      	BTFSS      STATUS, 0
;__Lib_MathDouble.c,874 :: 		
0x0135	0x0F75      	INCFSZ     R5, 0
;__Lib_MathDouble.c,876 :: 		
0x0136	0x02F1      	SUBWF      R1, 1
;__Lib_MathDouble.c,877 :: 		
0x0137	0x0876      	MOVF       R6, 0
;__Lib_MathDouble.c,878 :: 		
0x0138	0x1C03      	BTFSS      STATUS, 0
;__Lib_MathDouble.c,879 :: 		
0x0139	0x0F76      	INCFSZ     R6, 0
;__Lib_MathDouble.c,881 :: 		
0x013A	0x02F2      	SUBWF      R2, 1
;__Lib_MathDouble.c,882 :: 		
0x013B	0x0D76      	RLF        R6, 0
;__Lib_MathDouble.c,883 :: 		
0x013C	0x04A0      	IORWF      __math_tempbD, 1
;__Lib_MathDouble.c,884 :: 		
0x013D	0x1C20      	BTFSS      __math_tempbD, 0
;__Lib_MathDouble.c,885 :: 		
0x013E	0x2941      	GOTO       DREST32
;__Lib_MathDouble.c,886 :: 		
0x013F	0x147D      	BSF        R13, 0
;__Lib_MathDouble.c,887 :: 		
0x0140	0x294C      	GOTO       DOK32
;__Lib_MathDouble.c,888 :: 		
DREST32:
;__Lib_MathDouble.c,889 :: 		
0x0141	0x0874      	MOVF       R4, 0
;__Lib_MathDouble.c,890 :: 		
0x0142	0x07F0      	ADDWF      R0, 1
;__Lib_MathDouble.c,891 :: 		
0x0143	0x0875      	MOVF       R5, 0
;__Lib_MathDouble.c,892 :: 		
0x0144	0x1803      	BTFSC      STATUS, 0
;__Lib_MathDouble.c,893 :: 		
0x0145	0x0F75      	INCFSZ     R5, 0
;__Lib_MathDouble.c,895 :: 		
0x0146	0x07F1      	ADDWF      R1, 1
;__Lib_MathDouble.c,896 :: 		
0x0147	0x0876      	MOVF       R6, 0
;__Lib_MathDouble.c,897 :: 		
0x0148	0x1803      	BTFSC      STATUS, 0
;__Lib_MathDouble.c,898 :: 		
0x0149	0x0A76      	INCF       R6, 0
;__Lib_MathDouble.c,899 :: 		
0x014A	0x07F2      	ADDWF      R2, 1
;__Lib_MathDouble.c,900 :: 		
0x014B	0x107D      	BCF        R13, 0
;__Lib_MathDouble.c,901 :: 		
DOK32:
;__Lib_MathDouble.c,903 :: 		
0x014C	0x03FA      	DECF       R10, 1
;__Lib_MathDouble.c,904 :: 		
0x014D	0x301F      	MOVLW      31
;__Lib_MathDouble.c,905 :: 		
0x014E	0x057A      	ANDWF      R10, 0
;__Lib_MathDouble.c,906 :: 		
0x014F	0x1D03      	BTFSS      STATUS, 2
;__Lib_MathDouble.c,907 :: 		
0x0150	0x292A      	GOTO       DLOOP32
;__Lib_MathDouble.c,909 :: 		
0x0151	0x1B7B      	BTFSC      R11, 6
;__Lib_MathDouble.c,910 :: 		
0x0152	0x1C7D      	BTFSS      R13, 0
;__Lib_MathDouble.c,911 :: 		
0x0153	0x2973      	GOTO       DIV32OK
;__Lib_MathDouble.c,912 :: 		
0x0154	0x1003      	BCF        STATUS, 0
;__Lib_MathDouble.c,913 :: 		
0x0155	0x0DF0      	RLF        R0, 1
;__Lib_MathDouble.c,914 :: 		
0x0156	0x0DF1      	RLF        R1, 1
;__Lib_MathDouble.c,915 :: 		
0x0157	0x0DF2      	RLF        R2, 1
;__Lib_MathDouble.c,916 :: 		
0x0158	0x0DA0      	RLF        __math_tempbD, 1
;__Lib_MathDouble.c,918 :: 		
0x0159	0x0874      	MOVF       R4, 0
;__Lib_MathDouble.c,919 :: 		
0x015A	0x02F0      	SUBWF      R0, 1
;__Lib_MathDouble.c,920 :: 		
0x015B	0x0875      	MOVF       R5, 0
;__Lib_MathDouble.c,921 :: 		
0x015C	0x1C03      	BTFSS      STATUS, 0
;__Lib_MathDouble.c,922 :: 		
0x015D	0x0F75      	INCFSZ     R5, 0
;__Lib_MathDouble.c,923 :: 		
0x015E	0x02F1      	SUBWF      R1, 1
;__Lib_MathDouble.c,924 :: 		
0x015F	0x0876      	MOVF       R6, 0
;__Lib_MathDouble.c,925 :: 		
0x0160	0x1C03      	BTFSS      STATUS, 0
;__Lib_MathDouble.c,926 :: 		
0x0161	0x0F76      	INCFSZ     R6, 0
;__Lib_MathDouble.c,927 :: 		
0x0162	0x02F2      	SUBWF      R2, 1
;__Lib_MathDouble.c,928 :: 		
0x0163	0x0D76      	RLF        R6, 0
;__Lib_MathDouble.c,929 :: 		
0x0164	0x0420      	IORWF      __math_tempbD, 0
;__Lib_MathDouble.c,930 :: 		
0x0165	0x3901      	ANDLW      1
;__Lib_MathDouble.c,931 :: 		
0x0166	0x07FD      	ADDWF      R13, 1
;__Lib_MathDouble.c,932 :: 		
0x0167	0x1803      	BTFSC      STATUS, 0
;__Lib_MathDouble.c,933 :: 		
0x0168	0x0AFC      	INCF       R12, 1
;__Lib_MathDouble.c,934 :: 		
0x0169	0x1903      	BTFSC      STATUS, 2
;__Lib_MathDouble.c,935 :: 		
0x016A	0x0AF8      	INCF       R8, 1
;__Lib_MathDouble.c,936 :: 		
0x016B	0x1D03      	BTFSS      STATUS, 2
;__Lib_MathDouble.c,937 :: 		
0x016C	0x2973      	GOTO       DIV32OK
;__Lib_MathDouble.c,938 :: 		
0x016D	0x0CF8      	RRF        R8, 1
;__Lib_MathDouble.c,939 :: 		
0x016E	0x0CFC      	RRF        R12, 1
;__Lib_MathDouble.c,940 :: 		
0x016F	0x0CFD      	RRF        R13, 1
;__Lib_MathDouble.c,941 :: 		
0x0170	0x0AF3      	INCF       R3, 1
;__Lib_MathDouble.c,942 :: 		
0x0171	0x1903      	BTFSC      STATUS, 2
;__Lib_MathDouble.c,943 :: 		
0x0172	0x2983      	GOTO       JPDSETFOV32
;__Lib_MathDouble.c,944 :: 		
DIV32OK:
;__Lib_MathDouble.c,945 :: 		
0x0173	0x1FFA      	BTFSS      R10, 7
;__Lib_MathDouble.c,946 :: 		
0x0174	0x13F8      	BCF        R8, 7
;__Lib_MathDouble.c,947 :: 		
0x0175	0x0878      	MOVF       R8, 0
;__Lib_MathDouble.c,948 :: 		
0x0176	0x00F2      	MOVWF      R2
;__Lib_MathDouble.c,949 :: 		
0x0177	0x087C      	MOVF       R12, 0
;__Lib_MathDouble.c,950 :: 		
0x0178	0x00F1      	MOVWF      R1
;__Lib_MathDouble.c,951 :: 		
0x0179	0x087D      	MOVF       R13, 0
;__Lib_MathDouble.c,952 :: 		
0x017A	0x00F0      	MOVWF      R0
;__Lib_MathDouble.c,954 :: 		
0x017B	0x3000      	MOVLW      0
;__Lib_MathDouble.c,956 :: 		
0x017C	0x2988      	GOTO       DIV32EEE
;__Lib_MathDouble.c,957 :: 		
JPDSETFDZ32:
;__Lib_MathDouble.c,958 :: 		
0x017D	0x3001      	MOVLW      1
;__Lib_MathDouble.c,961 :: 		
0x017E	0x20D0      	CALL       _SETFDZ32
;__Lib_MathDouble.c,963 :: 		
0x017F	0x2988      	GOTO       DIV32EEE
;__Lib_MathDouble.c,964 :: 		
JPDRES032:
;__Lib_MathDouble.c,965 :: 		
0x0180	0x3002      	MOVLW      2
;__Lib_MathDouble.c,968 :: 		
0x0181	0x205A      	CALL       _RES032
;__Lib_MathDouble.c,970 :: 		
0x0182	0x2988      	GOTO       DIV32EEE
;__Lib_MathDouble.c,971 :: 		
JPDSETFOV32:
;__Lib_MathDouble.c,972 :: 		
0x0183	0x3004      	MOVLW      4
;__Lib_MathDouble.c,975 :: 		
0x0184	0x20C4      	CALL       _SETFOV32
;__Lib_MathDouble.c,977 :: 		
0x0185	0x2988      	GOTO       DIV32EEE
;__Lib_MathDouble.c,978 :: 		
JPDSETFUN32:
;__Lib_MathDouble.c,979 :: 		
0x0186	0x3008      	MOVLW      8
;__Lib_MathDouble.c,982 :: 		
0x0187	0x2065      	CALL       _SETFUN32
;__Lib_MathDouble.c,984 :: 		
DIV32EEE:
;__Lib_MathDouble.c,985 :: 		
0x0188	0x0000      	NOP
;__Lib_MathDouble.c,994 :: 		
0x0189	0x0008      	RETURN
; end of _Div_32x32_FP
_Mul_32x32_FP:
;__Lib_MathDouble.c,610 :: 		
;__Lib_MathDouble.c,622 :: 		
;__Lib_MathDouble.c,624 :: 		
0x018A	0x1283      	BCF        STATUS, 5
;__Lib_MathDouble.c,625 :: 		
0x018B	0x1303      	BCF        STATUS, 6
;__Lib_MathDouble.c,627 :: 		
0x018C	0x01FB      	CLRF       R11
;__Lib_MathDouble.c,628 :: 		
0x018D	0x0873      	MOVF       R3, 0
;__Lib_MathDouble.c,629 :: 		
0x018E	0x1D03      	BTFSS      STATUS, 2
;__Lib_MathDouble.c,630 :: 		
0x018F	0x0877      	MOVF       R7, 0
;__Lib_MathDouble.c,631 :: 		
0x0190	0x1903      	BTFSC      STATUS, 2
;__Lib_MathDouble.c,632 :: 		
0x0191	0x29E1      	GOTO       JPMRES032
;__Lib_MathDouble.c,634 :: 		
0x0192	0x0872      	MOVF       R2, 0
;__Lib_MathDouble.c,635 :: 		
0x0193	0x0676      	XORWF      R6, 0
;__Lib_MathDouble.c,636 :: 		
0x0194	0x00FA      	MOVWF      R10
;__Lib_MathDouble.c,637 :: 		
0x0195	0x0877      	MOVF       R7, 0
;__Lib_MathDouble.c,638 :: 		
0x0196	0x07F3      	ADDWF      R3, 1
;__Lib_MathDouble.c,639 :: 		
0x0197	0x307E      	MOVLW      126
;__Lib_MathDouble.c,640 :: 		
0x0198	0x1C03      	BTFSS      STATUS, 0
;__Lib_MathDouble.c,641 :: 		
0x0199	0x299E      	GOTO       MTUN32
;__Lib_MathDouble.c,642 :: 		
0x019A	0x02F3      	SUBWF      R3, 1
;__Lib_MathDouble.c,643 :: 		
0x019B	0x1803      	BTFSC      STATUS, 0
;__Lib_MathDouble.c,644 :: 		
0x019C	0x29E4      	GOTO       JPMSETFOV32
;__Lib_MathDouble.c,645 :: 		
0x019D	0x29A1      	GOTO       MOK32
;__Lib_MathDouble.c,646 :: 		
MTUN32:
;__Lib_MathDouble.c,647 :: 		
0x019E	0x02F3      	SUBWF      R3, 1
;__Lib_MathDouble.c,648 :: 		
0x019F	0x1C03      	BTFSS      STATUS, 0
;__Lib_MathDouble.c,649 :: 		
0x01A0	0x29E7      	GOTO       JPMSETFUN32
;__Lib_MathDouble.c,650 :: 		
MOK32:
;__Lib_MathDouble.c,651 :: 		
0x01A1	0x0872      	MOVF       R2, 0
;__Lib_MathDouble.c,652 :: 		
0x01A2	0x00F8      	MOVWF      R8
;__Lib_MathDouble.c,653 :: 		
0x01A3	0x0871      	MOVF       R1, 0
;__Lib_MathDouble.c,654 :: 		
0x01A4	0x00FC      	MOVWF      R12
;__Lib_MathDouble.c,655 :: 		
0x01A5	0x0870      	MOVF       R0, 0
;__Lib_MathDouble.c,656 :: 		
0x01A6	0x00FD      	MOVWF      R13
;__Lib_MathDouble.c,657 :: 		
0x01A7	0x17F8      	BSF        R8, 7
;__Lib_MathDouble.c,658 :: 		
0x01A8	0x17F6      	BSF        R6, 7
;__Lib_MathDouble.c,659 :: 		
0x01A9	0x1003      	BCF        STATUS, 0
;__Lib_MathDouble.c,660 :: 		
0x01AA	0x01F2      	CLRF       R2
;__Lib_MathDouble.c,661 :: 		
0x01AB	0x01F1      	CLRF       R1
;__Lib_MathDouble.c,662 :: 		
0x01AC	0x01F0      	CLRF       R0
;__Lib_MathDouble.c,663 :: 		
0x01AD	0x3018      	MOVLW      24
;__Lib_MathDouble.c,664 :: 		
0x01AE	0x00A0      	MOVWF      __math_tempbD
;__Lib_MathDouble.c,665 :: 		
MLOOP32:
;__Lib_MathDouble.c,666 :: 		
0x01AF	0x1C7D      	BTFSS      R13, 0
;__Lib_MathDouble.c,667 :: 		
0x01B0	0x29BB      	GOTO       MNOADD32
;__Lib_MathDouble.c,669 :: 		
0x01B1	0x0874      	MOVF       R4, 0
;__Lib_MathDouble.c,670 :: 		
0x01B2	0x07F0      	ADDWF      R0, 1
;__Lib_MathDouble.c,671 :: 		
0x01B3	0x0875      	MOVF       R5, 0
;__Lib_MathDouble.c,672 :: 		
0x01B4	0x1803      	BTFSC      STATUS, 0
;__Lib_MathDouble.c,673 :: 		
0x01B5	0x0F75      	INCFSZ     R5, 0
;__Lib_MathDouble.c,674 :: 		
0x01B6	0x07F1      	ADDWF      R1, 1
;__Lib_MathDouble.c,675 :: 		
0x01B7	0x0876      	MOVF       R6, 0
;__Lib_MathDouble.c,676 :: 		
0x01B8	0x1803      	BTFSC      STATUS, 0
;__Lib_MathDouble.c,677 :: 		
0x01B9	0x0F76      	INCFSZ     R6, 0
;__Lib_MathDouble.c,678 :: 		
0x01BA	0x07F2      	ADDWF      R2, 1
;__Lib_MathDouble.c,679 :: 		
MNOADD32:
;__Lib_MathDouble.c,680 :: 		
0x01BB	0x0CF2      	RRF        R2, 1
;__Lib_MathDouble.c,681 :: 		
0x01BC	0x0CF1      	RRF        R1, 1
;__Lib_MathDouble.c,682 :: 		
0x01BD	0x0CF0      	RRF        R0, 1
;__Lib_MathDouble.c,683 :: 		
0x01BE	0x0CF8      	RRF        R8, 1
;__Lib_MathDouble.c,684 :: 		
0x01BF	0x0CFC      	RRF        R12, 1
;__Lib_MathDouble.c,685 :: 		
0x01C0	0x0CFD      	RRF        R13, 1
;__Lib_MathDouble.c,686 :: 		
0x01C1	0x1003      	BCF        STATUS, 0
;__Lib_MathDouble.c,687 :: 		
0x01C2	0x0BA0      	DECFSZ     __math_tempbD, 1
;__Lib_MathDouble.c,688 :: 		
0x01C3	0x29AF      	GOTO       MLOOP32
;__Lib_MathDouble.c,689 :: 		
0x01C4	0x1BF2      	BTFSC      R2, 7
;__Lib_MathDouble.c,690 :: 		
0x01C5	0x29CB      	GOTO       MROUND32
;__Lib_MathDouble.c,691 :: 		
0x01C6	0x0DF8      	RLF        R8, 1
;__Lib_MathDouble.c,692 :: 		
0x01C7	0x0DF0      	RLF        R0, 1
;__Lib_MathDouble.c,693 :: 		
0x01C8	0x0DF1      	RLF        R1, 1
;__Lib_MathDouble.c,694 :: 		
0x01C9	0x0DF2      	RLF        R2, 1
;__Lib_MathDouble.c,695 :: 		
0x01CA	0x03F3      	DECF       R3, 1
;__Lib_MathDouble.c,696 :: 		
MROUND32:
;__Lib_MathDouble.c,697 :: 		
0x01CB	0x1B7B      	BTFSC      R11, 6
;__Lib_MathDouble.c,698 :: 		
0x01CC	0x1C70      	BTFSS      R0, 0
;__Lib_MathDouble.c,699 :: 		
0x01CD	0x29DD      	GOTO       MUL32OK
;__Lib_MathDouble.c,700 :: 		
0x01CE	0x1FF8      	BTFSS      R8, 7
;__Lib_MathDouble.c,701 :: 		
0x01CF	0x29DD      	GOTO       MUL32OK
;__Lib_MathDouble.c,702 :: 		
0x01D0	0x0AF0      	INCF       R0, 1
;__Lib_MathDouble.c,703 :: 		
0x01D1	0x1903      	BTFSC      STATUS, 2
;__Lib_MathDouble.c,704 :: 		
0x01D2	0x0AF1      	INCF       R1, 1
;__Lib_MathDouble.c,705 :: 		
0x01D3	0x1903      	BTFSC      STATUS, 2
;__Lib_MathDouble.c,706 :: 		
0x01D4	0x0AF2      	INCF       R2, 1
;__Lib_MathDouble.c,707 :: 		
0x01D5	0x1D03      	BTFSS      STATUS, 2
;__Lib_MathDouble.c,708 :: 		
0x01D6	0x29DD      	GOTO       MUL32OK
;__Lib_MathDouble.c,709 :: 		
0x01D7	0x0CF2      	RRF        R2, 1
;__Lib_MathDouble.c,710 :: 		
0x01D8	0x0CF1      	RRF        R1, 1
;__Lib_MathDouble.c,711 :: 		
0x01D9	0x0CF0      	RRF        R0, 1
;__Lib_MathDouble.c,712 :: 		
0x01DA	0x0AF3      	INCF       R3, 1
;__Lib_MathDouble.c,713 :: 		
0x01DB	0x1903      	BTFSC      STATUS, 2
;__Lib_MathDouble.c,714 :: 		
0x01DC	0x29E4      	GOTO       JPMSETFOV32
;__Lib_MathDouble.c,715 :: 		
MUL32OK:
;__Lib_MathDouble.c,716 :: 		
0x01DD	0x1FFA      	BTFSS      R10, 7
;__Lib_MathDouble.c,717 :: 		
0x01DE	0x13F2      	BCF        R2, 7
;__Lib_MathDouble.c,718 :: 		
0x01DF	0x3000      	MOVLW      0
;__Lib_MathDouble.c,720 :: 		
0x01E0	0x29E9      	GOTO       MUL32EEE
;__Lib_MathDouble.c,721 :: 		
JPMRES032:
;__Lib_MathDouble.c,722 :: 		
0x01E1	0x3001      	MOVLW      1
;__Lib_MathDouble.c,725 :: 		
0x01E2	0x205A      	CALL       _RES032
;__Lib_MathDouble.c,727 :: 		
0x01E3	0x29E9      	GOTO       MUL32EEE
;__Lib_MathDouble.c,728 :: 		
JPMSETFOV32:
;__Lib_MathDouble.c,729 :: 		
0x01E4	0x3002      	MOVLW      2
;__Lib_MathDouble.c,732 :: 		
0x01E5	0x20C4      	CALL       _SETFOV32
;__Lib_MathDouble.c,734 :: 		
0x01E6	0x29E9      	GOTO       MUL32EEE
;__Lib_MathDouble.c,735 :: 		
JPMSETFUN32:
;__Lib_MathDouble.c,736 :: 		
0x01E7	0x3004      	MOVLW      4
;__Lib_MathDouble.c,739 :: 		
0x01E8	0x2065      	CALL       _SETFUN32
;__Lib_MathDouble.c,741 :: 		
MUL32EEE:
;__Lib_MathDouble.c,742 :: 		
0x01E9	0x0000      	NOP
;__Lib_MathDouble.c,749 :: 		
0x01EA	0x0008      	RETURN
; end of _Mul_32x32_FP
_Double2Word:
;__Lib_MathDouble.c,1529 :: 		
;__Lib_MathDouble.c,1536 :: 		
0x01EB	0x1283      	BCF        STATUS, 5
;__Lib_MathDouble.c,1537 :: 		
0x01EC	0x1303      	BCF        STATUS, 6
;__Lib_MathDouble.c,1539 :: 		
0x01ED	0x01FB      	CLRF       R11
;__Lib_MathDouble.c,1540 :: 		
0x01EE	0x01FC      	CLRF       R12
;__Lib_MathDouble.c,1541 :: 		
0x01EF	0x01FA      	CLRF       R10
;__Lib_MathDouble.c,1543 :: 		
0x01F0	0x0873      	MOVF       R3, 0
;__Lib_MathDouble.c,1544 :: 		
0x01F1	0x1903      	BTFSC      STATUS, 2
;__Lib_MathDouble.c,1545 :: 		
0x01F2	0x2A2A      	GOTO       IRES016U
;__Lib_MathDouble.c,1547 :: 		
0x01F3	0x17F2      	BSF        R2, 7
;__Lib_MathDouble.c,1549 :: 		
0x01F4	0x308E      	MOVLW      142
;__Lib_MathDouble.c,1550 :: 		
0x01F5	0x02F3      	SUBWF      R3, 1
;__Lib_MathDouble.c,1551 :: 		
0x01F6	0x1BF3      	BTFSC      R3, 7
;__Lib_MathDouble.c,1552 :: 		
0x01F7	0x29FB      	GOTO       SETEXP16U
;__Lib_MathDouble.c,1553 :: 		
0x01F8	0x1903      	BTFSC      STATUS, 2
;__Lib_MathDouble.c,1554 :: 		
0x01F9	0x29FB      	GOTO       SETEXP16U
;__Lib_MathDouble.c,1555 :: 		
0x01FA	0x2A2D      	GOTO       SETIOV16U
;__Lib_MathDouble.c,1556 :: 		
SETEXP16U:
;__Lib_MathDouble.c,1557 :: 		
0x01FB	0x09F3      	COMF       R3, 1
;__Lib_MathDouble.c,1558 :: 		
0x01FC	0x0AF3      	INCF       R3, 1
;__Lib_MathDouble.c,1560 :: 		
0x01FD	0x3008      	MOVLW      8
;__Lib_MathDouble.c,1561 :: 		
0x01FE	0x0273      	SUBWF      R3, 0
;__Lib_MathDouble.c,1562 :: 		
0x01FF	0x1C03      	BTFSS      STATUS, 0
;__Lib_MathDouble.c,1563 :: 		
0x0200	0x2A10      	GOTO       TSHIFT3216U
;__Lib_MathDouble.c,1564 :: 		
0x0201	0x00F3      	MOVWF      R3
;__Lib_MathDouble.c,1565 :: 		
0x0202	0x0DF1      	RLF        R1, 1
;__Lib_MathDouble.c,1566 :: 		
0x0203	0x0872      	MOVF       R2, 0
;__Lib_MathDouble.c,1567 :: 		
0x0204	0x00F1      	MOVWF      R1
;__Lib_MathDouble.c,1568 :: 		
0x0205	0x01F2      	CLRF       R2
;__Lib_MathDouble.c,1570 :: 		
0x0206	0x3008      	MOVLW      8
;__Lib_MathDouble.c,1571 :: 		
0x0207	0x0273      	SUBWF      R3, 0
;__Lib_MathDouble.c,1572 :: 		
0x0208	0x1C03      	BTFSS      STATUS, 0
;__Lib_MathDouble.c,1573 :: 		
0x0209	0x2A10      	GOTO       TSHIFT3216U
;__Lib_MathDouble.c,1574 :: 		
0x020A	0x0DF1      	RLF        R1, 1
;__Lib_MathDouble.c,1575 :: 		
0x020B	0x01F1      	CLRF       R1
;__Lib_MathDouble.c,1577 :: 		
0x020C	0x0873      	MOVF       R3, 0
;__Lib_MathDouble.c,1578 :: 		
0x020D	0x1D03      	BTFSS      STATUS, 2
;__Lib_MathDouble.c,1579 :: 		
0x020E	0x1003      	BCF        STATUS, 0
;__Lib_MathDouble.c,1580 :: 		
0x020F	0x2A18      	GOTO       SHIFT3216UOK
;__Lib_MathDouble.c,1581 :: 		
TSHIFT3216U:
;__Lib_MathDouble.c,1582 :: 		
0x0210	0x0873      	MOVF       R3, 0
;__Lib_MathDouble.c,1583 :: 		
0x0211	0x1903      	BTFSC      STATUS, 2
;__Lib_MathDouble.c,1584 :: 		
0x0212	0x2A18      	GOTO       SHIFT3216UOK
;__Lib_MathDouble.c,1585 :: 		
SHIFT3216U:
;__Lib_MathDouble.c,1586 :: 		
0x0213	0x1003      	BCF        STATUS, 0
;__Lib_MathDouble.c,1587 :: 		
0x0214	0x0CF2      	RRF        R2, 1
;__Lib_MathDouble.c,1588 :: 		
0x0215	0x0CF1      	RRF        R1, 1
;__Lib_MathDouble.c,1589 :: 		
0x0216	0x0BF3      	DECFSZ     R3, 1
;__Lib_MathDouble.c,1590 :: 		
0x0217	0x2A13      	GOTO       SHIFT3216U
;__Lib_MathDouble.c,1591 :: 		
SHIFT3216UOK:
;__Lib_MathDouble.c,1592 :: 		
0x0218	0x1B7B      	BTFSC      R11, 6
;__Lib_MathDouble.c,1593 :: 		
0x0219	0x1C71      	BTFSS      R1, 0
;__Lib_MathDouble.c,1594 :: 		
0x021A	0x2A22      	GOTO       INT3216UOK
;__Lib_MathDouble.c,1595 :: 		
0x021B	0x1C03      	BTFSS      STATUS, 0
;__Lib_MathDouble.c,1596 :: 		
0x021C	0x2A22      	GOTO       INT3216UOK
;__Lib_MathDouble.c,1597 :: 		
0x021D	0x0AF1      	INCF       R1, 1
;__Lib_MathDouble.c,1598 :: 		
0x021E	0x1903      	BTFSC      STATUS, 2
;__Lib_MathDouble.c,1599 :: 		
0x021F	0x0AF2      	INCF       R2, 1
;__Lib_MathDouble.c,1600 :: 		
0x0220	0x1BF2      	BTFSC      R2, 7
;__Lib_MathDouble.c,1601 :: 		
0x0221	0x2A39      	GOTO       JPKSETIOV3224
;__Lib_MathDouble.c,1602 :: 		
INT3216UOK:
;__Lib_MathDouble.c,1603 :: 		
0x0222	0x1FFA      	BTFSS      R10, 7
;__Lib_MathDouble.c,1604 :: 		
0x0223	0x2A3C      	GOTO       INT3216UEOK
;__Lib_MathDouble.c,1606 :: 		
0x0224	0x09F2      	COMF       R2, 1
;__Lib_MathDouble.c,1607 :: 		
0x0225	0x09F1      	COMF       R1, 1
;__Lib_MathDouble.c,1608 :: 		
0x0226	0x0AF1      	INCF       R1, 1
;__Lib_MathDouble.c,1609 :: 		
0x0227	0x1903      	BTFSC      STATUS, 2
;__Lib_MathDouble.c,1610 :: 		
0x0228	0x0AF2      	INCF       R2, 1
;__Lib_MathDouble.c,1611 :: 		
0x0229	0x2A3C      	GOTO       INT3216UEOK
;__Lib_MathDouble.c,1613 :: 		
IRES016U:
;__Lib_MathDouble.c,1614 :: 		
0x022A	0x01F2      	CLRF       R2
;__Lib_MathDouble.c,1615 :: 		
0x022B	0x01F1      	CLRF       R1
;__Lib_MathDouble.c,1616 :: 		
0x022C	0x2A3C      	GOTO       INT3216UEOK
;__Lib_MathDouble.c,1617 :: 		
SETIOV16U:
;__Lib_MathDouble.c,1618 :: 		
0x022D	0x147B      	BSF        R11, 0
;__Lib_MathDouble.c,1619 :: 		
0x022E	0x1FFB      	BTFSS      R11, 7
;__Lib_MathDouble.c,1620 :: 		
0x022F	0x2A3F      	GOTO       INT3216UEER
;__Lib_MathDouble.c,1622 :: 		
0x0230	0x01F2      	CLRF       R2
;__Lib_MathDouble.c,1623 :: 		
0x0231	0x1FFA      	BTFSS      R10, 7
;__Lib_MathDouble.c,1624 :: 		
0x0232	0x2A3F      	GOTO       INT3216UEER
;__Lib_MathDouble.c,1625 :: 		
0x0233	0x30FF      	MOVLW      255
;__Lib_MathDouble.c,1626 :: 		
0x0234	0x00F2      	MOVWF      R2
;__Lib_MathDouble.c,1627 :: 		
0x0235	0x00F1      	MOVWF      R1
;__Lib_MathDouble.c,1628 :: 		
0x0236	0x0DFA      	RLF        R10, 1
;__Lib_MathDouble.c,1629 :: 		
0x0237	0x0CF2      	RRF        R2, 1
;__Lib_MathDouble.c,1630 :: 		
0x0238	0x2A3F      	GOTO       INT3216UEER
;__Lib_MathDouble.c,1632 :: 		
JPKSETIOV3224:
;__Lib_MathDouble.c,1633 :: 		
0x0239	0x3001      	MOVLW      1
;__Lib_MathDouble.c,1634 :: 		
0x023A	0x00FC      	MOVWF      R12
;__Lib_MathDouble.c,1635 :: 		
0x023B	0x2A41      	GOTO       INT3216UEEE
;__Lib_MathDouble.c,1636 :: 		
INT3216UEOK:
;__Lib_MathDouble.c,1637 :: 		
0x023C	0x3000      	MOVLW      0
;__Lib_MathDouble.c,1638 :: 		
0x023D	0x00FC      	MOVWF      R12
;__Lib_MathDouble.c,1639 :: 		
0x023E	0x2A41      	GOTO       INT3216UEEE
;__Lib_MathDouble.c,1640 :: 		
INT3216UEER:
;__Lib_MathDouble.c,1641 :: 		
0x023F	0x30FF      	MOVLW      255
;__Lib_MathDouble.c,1642 :: 		
0x0240	0x00FC      	MOVWF      R12
;__Lib_MathDouble.c,1643 :: 		
INT3216UEEE:
;__Lib_MathDouble.c,1646 :: 		
0x0241	0x08FC      	MOVF       R12, 1
;__Lib_MathDouble.c,1648 :: 		
0x0242	0x1903      	BTFSC      STATUS, 2
;__Lib_MathDouble.c,1649 :: 		
0x0243	0x2A45      	GOTO       L_Double2Word_0
;__Lib_MathDouble.c,1651 :: 		
0x0244	0x2071      	CALL       _SETIOV3224
;__Lib_MathDouble.c,1653 :: 		
L_Double2Word_0:
;__Lib_MathDouble.c,1654 :: 		
0x0245	0x0871      	MOVF       R1, 0
;__Lib_MathDouble.c,1655 :: 		
0x0246	0x00F0      	MOVWF      R0
;__Lib_MathDouble.c,1656 :: 		
0x0247	0x0872      	MOVF       R2, 0
;__Lib_MathDouble.c,1657 :: 		
0x0248	0x00F1      	MOVWF      R1
;__Lib_MathDouble.c,1660 :: 		
0x0249	0x0008      	RETURN
; end of _Double2Word
_Div_16x16_U:
;__Lib_Math.c,215 :: 		
;__Lib_Math.c,222 :: 		
0x024A	0x1283      	BCF        STATUS, 5
;__Lib_Math.c,223 :: 		
0x024B	0x1303      	BCF        STATUS, 6
;__Lib_Math.c,224 :: 		
0x024C	0x01F8      	CLRF       R8
;__Lib_Math.c,225 :: 		
0x024D	0x01F9      	CLRF       R9
;__Lib_Math.c,226 :: 		
0x024E	0x3010      	MOVLW      16
;__Lib_Math.c,227 :: 		
0x024F	0x00FC      	MOVWF      R12
;__Lib_Math.c,228 :: 		
0x0250	0x0D71      	RLF        R1, 0
;__Lib_Math.c,229 :: 		
0x0251	0x0DF8      	RLF        R8, 1
;__Lib_Math.c,230 :: 		
0x0252	0x0DF9      	RLF        R9, 1
;__Lib_Math.c,231 :: 		
0x0253	0x0874      	MOVF       R4, 0
;__Lib_Math.c,232 :: 		
0x0254	0x02F8      	SUBWF      R8, 1
;__Lib_Math.c,233 :: 		
0x0255	0x0875      	MOVF       R5, 0
;__Lib_Math.c,234 :: 		
0x0256	0x1C03      	BTFSS      STATUS, 0
;__Lib_Math.c,235 :: 		
0x0257	0x0F75      	INCFSZ     R5, 0
;__Lib_Math.c,236 :: 		
0x0258	0x02F9      	SUBWF      R9, 1
;__Lib_Math.c,237 :: 		
0x0259	0x1803      	BTFSC      STATUS, 0
;__Lib_Math.c,238 :: 		
0x025A	0x2A62      	GOTO       $+8
;__Lib_Math.c,239 :: 		
0x025B	0x0874      	MOVF       R4, 0
;__Lib_Math.c,240 :: 		
0x025C	0x07F8      	ADDWF      R8, 1
;__Lib_Math.c,241 :: 		
0x025D	0x0875      	MOVF       R5, 0
;__Lib_Math.c,242 :: 		
0x025E	0x1803      	BTFSC      STATUS, 0
;__Lib_Math.c,243 :: 		
0x025F	0x0F75      	INCFSZ     R5, 0
;__Lib_Math.c,244 :: 		
0x0260	0x07F9      	ADDWF      R9, 1
;__Lib_Math.c,245 :: 		
0x0261	0x1003      	BCF        STATUS, 0
;__Lib_Math.c,246 :: 		
0x0262	0x0DF0      	RLF        R0, 1
;__Lib_Math.c,247 :: 		
0x0263	0x0DF1      	RLF        R1, 1
;__Lib_Math.c,248 :: 		
0x0264	0x0BFC      	DECFSZ     R12, 1
;__Lib_Math.c,249 :: 		
0x0265	0x2A50      	GOTO       $-21
;__Lib_Math.c,251 :: 		
0x0266	0x0008      	RETURN
; end of _Div_16x16_U
_look:
;vm.c,19 :: 		char look(int a)
;vm.c,21 :: 		switch(a)
0x0267	0x2A8B      	GOTO       L_look0
;vm.c,23 :: 		case 0:
L_look2:
;vm.c,24 :: 		return '0';
0x0268	0x3030      	MOVLW      48
0x0269	0x1283      	BCF        STATUS, 5
0x026A	0x1303      	BCF        STATUS, 6
0x026B	0x00F0      	MOVWF      R0
0x026C	0x0008      	RETURN
;vm.c,25 :: 		case 1:
L_look3:
;vm.c,26 :: 		return '1';
0x026D	0x3031      	MOVLW      49
0x026E	0x00F0      	MOVWF      R0
0x026F	0x0008      	RETURN
;vm.c,27 :: 		case 2:
L_look4:
;vm.c,28 :: 		return '2';
0x0270	0x3032      	MOVLW      50
0x0271	0x00F0      	MOVWF      R0
0x0272	0x0008      	RETURN
;vm.c,29 :: 		case 3:
L_look5:
;vm.c,30 :: 		return '3';
0x0273	0x3033      	MOVLW      51
0x0274	0x00F0      	MOVWF      R0
0x0275	0x0008      	RETURN
;vm.c,31 :: 		case 4:
L_look6:
;vm.c,32 :: 		return '4';
0x0276	0x3034      	MOVLW      52
0x0277	0x00F0      	MOVWF      R0
0x0278	0x0008      	RETURN
;vm.c,33 :: 		case 5:
L_look7:
;vm.c,34 :: 		return '5';
0x0279	0x3035      	MOVLW      53
0x027A	0x00F0      	MOVWF      R0
0x027B	0x0008      	RETURN
;vm.c,35 :: 		case 6:
L_look8:
;vm.c,36 :: 		return '6';
0x027C	0x3036      	MOVLW      54
0x027D	0x00F0      	MOVWF      R0
0x027E	0x0008      	RETURN
;vm.c,37 :: 		case 7:
L_look9:
;vm.c,38 :: 		return '7';
0x027F	0x3037      	MOVLW      55
0x0280	0x00F0      	MOVWF      R0
0x0281	0x0008      	RETURN
;vm.c,39 :: 		case 8:
L_look10:
;vm.c,40 :: 		return '8';
0x0282	0x3038      	MOVLW      56
0x0283	0x00F0      	MOVWF      R0
0x0284	0x0008      	RETURN
;vm.c,41 :: 		case 9:
L_look11:
;vm.c,42 :: 		return '9';
0x0285	0x3039      	MOVLW      57
0x0286	0x00F0      	MOVWF      R0
0x0287	0x0008      	RETURN
;vm.c,43 :: 		default:
L_look12:
;vm.c,44 :: 		return '.';
0x0288	0x302E      	MOVLW      46
0x0289	0x00F0      	MOVWF      R0
0x028A	0x0008      	RETURN
;vm.c,45 :: 		}
L_look0:
0x028B	0x1283      	BCF        STATUS, 5
0x028C	0x1303      	BCF        STATUS, 6
0x028D	0x3000      	MOVLW      0
0x028E	0x0654      	XORWF      FARG_look_a+1, 0
0x028F	0x1D03      	BTFSS      STATUS, 2
0x0290	0x2A93      	GOTO       L__look21
0x0291	0x3000      	MOVLW      0
0x0292	0x0653      	XORWF      FARG_look_a, 0
L__look21:
0x0293	0x1903      	BTFSC      STATUS, 2
0x0294	0x2A68      	GOTO       L_look2
0x0295	0x3000      	MOVLW      0
0x0296	0x0654      	XORWF      FARG_look_a+1, 0
0x0297	0x1D03      	BTFSS      STATUS, 2
0x0298	0x2A9B      	GOTO       L__look22
0x0299	0x3001      	MOVLW      1
0x029A	0x0653      	XORWF      FARG_look_a, 0
L__look22:
0x029B	0x1903      	BTFSC      STATUS, 2
0x029C	0x2A6D      	GOTO       L_look3
0x029D	0x3000      	MOVLW      0
0x029E	0x0654      	XORWF      FARG_look_a+1, 0
0x029F	0x1D03      	BTFSS      STATUS, 2
0x02A0	0x2AA3      	GOTO       L__look23
0x02A1	0x3002      	MOVLW      2
0x02A2	0x0653      	XORWF      FARG_look_a, 0
L__look23:
0x02A3	0x1903      	BTFSC      STATUS, 2
0x02A4	0x2A70      	GOTO       L_look4
0x02A5	0x3000      	MOVLW      0
0x02A6	0x0654      	XORWF      FARG_look_a+1, 0
0x02A7	0x1D03      	BTFSS      STATUS, 2
0x02A8	0x2AAB      	GOTO       L__look24
0x02A9	0x3003      	MOVLW      3
0x02AA	0x0653      	XORWF      FARG_look_a, 0
L__look24:
0x02AB	0x1903      	BTFSC      STATUS, 2
0x02AC	0x2A73      	GOTO       L_look5
0x02AD	0x3000      	MOVLW      0
0x02AE	0x0654      	XORWF      FARG_look_a+1, 0
0x02AF	0x1D03      	BTFSS      STATUS, 2
0x02B0	0x2AB3      	GOTO       L__look25
0x02B1	0x3004      	MOVLW      4
0x02B2	0x0653      	XORWF      FARG_look_a, 0
L__look25:
0x02B3	0x1903      	BTFSC      STATUS, 2
0x02B4	0x2A76      	GOTO       L_look6
0x02B5	0x3000      	MOVLW      0
0x02B6	0x0654      	XORWF      FARG_look_a+1, 0
0x02B7	0x1D03      	BTFSS      STATUS, 2
0x02B8	0x2ABB      	GOTO       L__look26
0x02B9	0x3005      	MOVLW      5
0x02BA	0x0653      	XORWF      FARG_look_a, 0
L__look26:
0x02BB	0x1903      	BTFSC      STATUS, 2
0x02BC	0x2A79      	GOTO       L_look7
0x02BD	0x3000      	MOVLW      0
0x02BE	0x0654      	XORWF      FARG_look_a+1, 0
0x02BF	0x1D03      	BTFSS      STATUS, 2
0x02C0	0x2AC3      	GOTO       L__look27
0x02C1	0x3006      	MOVLW      6
0x02C2	0x0653      	XORWF      FARG_look_a, 0
L__look27:
0x02C3	0x1903      	BTFSC      STATUS, 2
0x02C4	0x2A7C      	GOTO       L_look8
0x02C5	0x3000      	MOVLW      0
0x02C6	0x0654      	XORWF      FARG_look_a+1, 0
0x02C7	0x1D03      	BTFSS      STATUS, 2
0x02C8	0x2ACB      	GOTO       L__look28
0x02C9	0x3007      	MOVLW      7
0x02CA	0x0653      	XORWF      FARG_look_a, 0
L__look28:
0x02CB	0x1903      	BTFSC      STATUS, 2
0x02CC	0x2A7F      	GOTO       L_look9
0x02CD	0x3000      	MOVLW      0
0x02CE	0x0654      	XORWF      FARG_look_a+1, 0
0x02CF	0x1D03      	BTFSS      STATUS, 2
0x02D0	0x2AD3      	GOTO       L__look29
0x02D1	0x3008      	MOVLW      8
0x02D2	0x0653      	XORWF      FARG_look_a, 0
L__look29:
0x02D3	0x1903      	BTFSC      STATUS, 2
0x02D4	0x2A82      	GOTO       L_look10
0x02D5	0x3000      	MOVLW      0
0x02D6	0x0654      	XORWF      FARG_look_a+1, 0
0x02D7	0x1D03      	BTFSS      STATUS, 2
0x02D8	0x2ADB      	GOTO       L__look30
0x02D9	0x3009      	MOVLW      9
0x02DA	0x0653      	XORWF      FARG_look_a, 0
L__look30:
0x02DB	0x1903      	BTFSC      STATUS, 2
0x02DC	0x2A85      	GOTO       L_look11
0x02DD	0x2A88      	GOTO       L_look12
;vm.c,46 :: 		}
0x02DE	0x0008      	RETURN
; end of _look
_ADC_Read:
;__Lib_ADC_A_C.c,45 :: 		
;__Lib_ADC_A_C.c,47 :: 		
0x02DF	0x1283      	BCF        STATUS, 5
0x02E0	0x1303      	BCF        STATUS, 6
0x02E1	0x019F      	CLRF       ADCON0
;__Lib_ADC_A_C.c,48 :: 		
0x02E2	0x30C0      	MOVLW      192
0x02E3	0x049F      	IORWF      ADCON0, 1
;__Lib_ADC_A_C.c,49 :: 		
0x02E4	0x1683      	BSF        STATUS, 5
0x02E5	0x171F      	BSF        ADCON1, 6
;__Lib_ADC_A_C.c,50 :: 		
0x02E6	0x179F      	BSF        ADCON1, 7
;__Lib_ADC_A_C.c,51 :: 		
0x02E7	0x1283      	BCF        STATUS, 5
0x02E8	0x0853      	MOVF       FARG_ADC_Read_channel, 0
0x02E9	0x00F0      	MOVWF      R0
0x02EA	0x0DF0      	RLF        R0, 1
0x02EB	0x1070      	BCF        R0, 0
0x02EC	0x0DF0      	RLF        R0, 1
0x02ED	0x1070      	BCF        R0, 0
0x02EE	0x0DF0      	RLF        R0, 1
0x02EF	0x1070      	BCF        R0, 0
0x02F0	0x0870      	MOVF       R0, 0
0x02F1	0x049F      	IORWF      ADCON0, 1
;__Lib_ADC_A_C.c,54 :: 		
0x02F2	0x141F      	BSF        ADCON0, 0
;__Lib_ADC_A_C.c,57 :: 		
0x02F3	0x2085      	CALL       _Delay_22us
;__Lib_ADC_A_C.c,60 :: 		
0x02F4	0x151F      	BSF        ADCON0, 2
;__Lib_ADC_A_C.c,63 :: 		
L_ADC_Read2:
0x02F5	0x1D1F      	BTFSS      ADCON0, 2
0x02F6	0x2AF9      	GOTO       L_ADC_Read3
;__Lib_ADC_A_C.c,64 :: 		
0x02F7	0x0000      	NOP
0x02F8	0x2AF5      	GOTO       L_ADC_Read2
L_ADC_Read3:
;__Lib_ADC_A_C.c,67 :: 		
0x02F9	0x101F      	BCF        ADCON0, 0
;__Lib_ADC_A_C.c,70 :: 		
0x02FA	0x081E      	MOVF       ADRESH, 0
0x02FB	0x00F1      	MOVWF      R0+1
0x02FC	0x01F0      	CLRF       R0
0x02FD	0x1683      	BSF        STATUS, 5
0x02FE	0x081E      	MOVF       ADRESL, 0
0x02FF	0x04F0      	IORWF      R0, 1
0x0300	0x3000      	MOVLW      0
0x0301	0x04F1      	IORWF      R0+1, 1
;__Lib_ADC_A_C.c,71 :: 		
0x0302	0x0008      	RETURN
; end of _ADC_Read
_Lcd_Out:
;__Lib_Lcd.c,184 :: 		
;__Lib_Lcd.c,187 :: 		
0x0303	0x2B15      	GOTO       L_Lcd_Out11
;__Lib_Lcd.c,188 :: 		
L_Lcd_Out13:
0x0304	0x3080      	MOVLW      128
0x0305	0x1283      	BCF        STATUS, 5
0x0306	0x1303      	BCF        STATUS, 6
0x0307	0x00D3      	MOVWF      FARG_Lcd_Out_row
0x0308	0x2B28      	GOTO       L_Lcd_Out12
;__Lib_Lcd.c,189 :: 		
L_Lcd_Out14:
0x0309	0x30C0      	MOVLW      192
0x030A	0x00D3      	MOVWF      FARG_Lcd_Out_row
0x030B	0x2B28      	GOTO       L_Lcd_Out12
;__Lib_Lcd.c,190 :: 		
L_Lcd_Out15:
0x030C	0x3094      	MOVLW      148
0x030D	0x00D3      	MOVWF      FARG_Lcd_Out_row
0x030E	0x2B28      	GOTO       L_Lcd_Out12
;__Lib_Lcd.c,191 :: 		
L_Lcd_Out16:
0x030F	0x30D4      	MOVLW      212
0x0310	0x00D3      	MOVWF      FARG_Lcd_Out_row
0x0311	0x2B28      	GOTO       L_Lcd_Out12
;__Lib_Lcd.c,192 :: 		
L_Lcd_Out17:
0x0312	0x3080      	MOVLW      128
0x0313	0x00D3      	MOVWF      FARG_Lcd_Out_row
;__Lib_Lcd.c,193 :: 		
0x0314	0x2B28      	GOTO       L_Lcd_Out12
L_Lcd_Out11:
0x0315	0x1283      	BCF        STATUS, 5
0x0316	0x1303      	BCF        STATUS, 6
0x0317	0x0853      	MOVF       FARG_Lcd_Out_row, 0
0x0318	0x3A01      	XORLW      1
0x0319	0x1903      	BTFSC      STATUS, 2
0x031A	0x2B04      	GOTO       L_Lcd_Out13
0x031B	0x0853      	MOVF       FARG_Lcd_Out_row, 0
0x031C	0x3A02      	XORLW      2
0x031D	0x1903      	BTFSC      STATUS, 2
0x031E	0x2B09      	GOTO       L_Lcd_Out14
0x031F	0x0853      	MOVF       FARG_Lcd_Out_row, 0
0x0320	0x3A03      	XORLW      3
0x0321	0x1903      	BTFSC      STATUS, 2
0x0322	0x2B0C      	GOTO       L_Lcd_Out15
0x0323	0x0853      	MOVF       FARG_Lcd_Out_row, 0
0x0324	0x3A04      	XORLW      4
0x0325	0x1903      	BTFSC      STATUS, 2
0x0326	0x2B0F      	GOTO       L_Lcd_Out16
0x0327	0x2B12      	GOTO       L_Lcd_Out17
L_Lcd_Out12:
;__Lib_Lcd.c,194 :: 		
0x0328	0x0354      	DECF       FARG_Lcd_Out_column, 0
0x0329	0x00F0      	MOVWF      R0
0x032A	0x0853      	MOVF       FARG_Lcd_Out_row, 0
0x032B	0x07F0      	ADDWF      R0, 1
0x032C	0x0870      	MOVF       R0, 0
0x032D	0x00D3      	MOVWF      FARG_Lcd_Out_row
;__Lib_Lcd.c,196 :: 		
0x032E	0x0870      	MOVF       R0, 0
0x032F	0x00D8      	MOVWF      FARG_Lcd_Cmd_out_char
0x0330	0x201A      	CALL       _Lcd_Cmd
;__Lib_Lcd.c,197 :: 		
0x0331	0x1047      	BCF        __Lib_Lcd_cmd_status, BitPos(__Lib_Lcd_cmd_status+0)
;__Lib_Lcd.c,198 :: 		
0x0332	0x01D6      	CLRF       Lcd_Out_i_L0
;__Lib_Lcd.c,199 :: 		
L_Lcd_Out18:
0x0333	0x0856      	MOVF       Lcd_Out_i_L0, 0
0x0334	0x0755      	ADDWF      FARG_Lcd_Out_text, 0
0x0335	0x0084      	MOVWF      FSR
0x0336	0x0800      	MOVF       INDF, 0
0x0337	0x1903      	BTFSC      STATUS, 2
0x0338	0x2B41      	GOTO       L_Lcd_Out19
;__Lib_Lcd.c,200 :: 		
0x0339	0x0856      	MOVF       Lcd_Out_i_L0, 0
0x033A	0x0755      	ADDWF      FARG_Lcd_Out_text, 0
0x033B	0x0084      	MOVWF      FSR
0x033C	0x0800      	MOVF       INDF, 0
0x033D	0x00D7      	MOVWF      FARG_Lcd_Chr_CP_out_char
0x033E	0x208D      	CALL       _Lcd_Chr_CP
0x033F	0x0AD6      	INCF       Lcd_Out_i_L0, 1
0x0340	0x2B33      	GOTO       L_Lcd_Out18
L_Lcd_Out19:
;__Lib_Lcd.c,201 :: 		
0x0341	0x1447      	BSF        __Lib_Lcd_cmd_status, BitPos(__Lib_Lcd_cmd_status+0)
;__Lib_Lcd.c,202 :: 		
0x0342	0x0008      	RETURN
; end of _Lcd_Out
___CC2DW:
;__Lib_System.c,24 :: 		
;__Lib_System.c,27 :: 		
_CC2D_Loop1:
;__Lib_System.c,29 :: 		
0x0343	0x207E      	CALL       _____DoICP
0x0344	0x118A      	BCF        PCLATH, 3
0x0345	0x120A      	BCF        PCLATH, 4
;__Lib_System.c,31 :: 		
0x0346	0x0080      	MOVWF      INDF
;__Lib_System.c,32 :: 		
0x0347	0x0A84      	INCF       FSR, 1
;__Lib_System.c,33 :: 		
0x0348	0x0AC5      	INCF       ___DoICPAddr, 1
;__Lib_System.c,35 :: 		
0x0349	0x1903      	BTFSC      STATUS, 2
;__Lib_System.c,36 :: 		
0x034A	0x0AC6      	INCF       ___DoICPAddr+1, 1
;__Lib_System.c,37 :: 		
0x034B	0x03F0      	DECF       R0, 1
;__Lib_System.c,39 :: 		
0x034C	0x1D03      	BTFSS      STATUS, 2
;__Lib_System.c,40 :: 		
0x034D	0x2B43      	GOTO       _CC2D_Loop1
;__Lib_System.c,42 :: 		
0x034E	0x0008      	RETURN
; end of ___CC2DW
_Word2Double:
;__Lib_MathDouble.c,1862 :: 		
;__Lib_MathDouble.c,1868 :: 		
0x034F	0x1283      	BCF        STATUS, 5
;__Lib_MathDouble.c,1869 :: 		
0x0350	0x1303      	BCF        STATUS, 6
;__Lib_MathDouble.c,1870 :: 		
0x0351	0x0870      	MOVF       R0, 0
;__Lib_MathDouble.c,1871 :: 		
0x0352	0x00F8      	MOVWF      R8
;__Lib_MathDouble.c,1872 :: 		
0x0353	0x0871      	MOVF       R1, 0
;__Lib_MathDouble.c,1873 :: 		
0x0354	0x00F0      	MOVWF      R0
;__Lib_MathDouble.c,1874 :: 		
0x0355	0x01F1      	CLRF       R1
;__Lib_MathDouble.c,1875 :: 		
0x0356	0x01F2      	CLRF       R2
;__Lib_MathDouble.c,1876 :: 		
0x0357	0x01F3      	CLRF       R3
;__Lib_MathDouble.c,1879 :: 		
0x0358	0x01FB      	CLRF       R11
;__Lib_MathDouble.c,1880 :: 		
0x0359	0x01FC      	CLRF       R12
;__Lib_MathDouble.c,1882 :: 		
0x035A	0x3096      	MOVLW      150
;__Lib_MathDouble.c,1883 :: 		
0x035B	0x00F3      	MOVWF      R3
;__Lib_MathDouble.c,1884 :: 		
0x035C	0x01FA      	CLRF       R10
;__Lib_MathDouble.c,1886 :: 		
0x035D	0x0870      	MOVF       R0, 0
;__Lib_MathDouble.c,1887 :: 		
0x035E	0x00F1      	MOVWF      R1
;__Lib_MathDouble.c,1888 :: 		
0x035F	0x0878      	MOVF       R8, 0
;__Lib_MathDouble.c,1889 :: 		
0x0360	0x00F0      	MOVWF      R0
;__Lib_MathDouble.c,1890 :: 		
0x0361	0x01F8      	CLRF       R8
;__Lib_MathDouble.c,1891 :: 		
0x0362	0x01F2      	CLRF       R2
;__Lib_MathDouble.c,1893 :: 		
0x0363	0x2095      	CALL       _NRM3232
;__Lib_MathDouble.c,1894 :: 		
0x0364	0x0008      	RETURN
; end of _Word2Double
_Lcd_Init:
;__Lib_Lcd.c,84 :: 		
;__Lib_Lcd.c,86 :: 		
0x0365	0x1683      	BSF        STATUS, 5
0x0366	0x1303      	BCF        STATUS, 6
0x0367	0x1386      	BCF        LCD_EN_Direction, BitPos(LCD_EN_Direction+0)
;__Lib_Lcd.c,87 :: 		
0x0368	0x1286      	BCF        LCD_RS_Direction, BitPos(LCD_RS_Direction+0)
;__Lib_Lcd.c,88 :: 		
0x0369	0x1207      	BCF        LCD_D4_Direction, BitPos(LCD_D4_Direction+0)
;__Lib_Lcd.c,89 :: 		
0x036A	0x1287      	BCF        LCD_D5_Direction, BitPos(LCD_D5_Direction+0)
;__Lib_Lcd.c,90 :: 		
0x036B	0x1307      	BCF        LCD_D6_Direction, BitPos(LCD_D6_Direction+0)
;__Lib_Lcd.c,91 :: 		
0x036C	0x1387      	BCF        LCD_D7_Direction, BitPos(LCD_D7_Direction+0)
;__Lib_Lcd.c,93 :: 		
0x036D	0x1283      	BCF        STATUS, 5
0x036E	0x1386      	BCF        LCD_EN, BitPos(LCD_EN+0)
;__Lib_Lcd.c,94 :: 		
0x036F	0x1286      	BCF        LCD_RS, BitPos(LCD_RS+0)
;__Lib_Lcd.c,95 :: 		
0x0370	0x1387      	BCF        LCD_D7, BitPos(LCD_D7+0)
;__Lib_Lcd.c,96 :: 		
0x0371	0x1307      	BCF        LCD_D6, BitPos(LCD_D6+0)
;__Lib_Lcd.c,97 :: 		
0x0372	0x1287      	BCF        LCD_D5, BitPos(LCD_D5+0)
;__Lib_Lcd.c,98 :: 		
0x0373	0x1207      	BCF        LCD_D4, BitPos(LCD_D4+0)
;__Lib_Lcd.c,100 :: 		
0x0374	0x200A      	CALL       _Delay_5500us
;__Lib_Lcd.c,101 :: 		
0x0375	0x200A      	CALL       _Delay_5500us
;__Lib_Lcd.c,102 :: 		
0x0376	0x200A      	CALL       _Delay_5500us
;__Lib_Lcd.c,105 :: 		
0x0377	0x1687      	BSF        LCD_D5, BitPos(LCD_D5+0)
;__Lib_Lcd.c,106 :: 		
0x0378	0x1607      	BSF        LCD_D4, BitPos(LCD_D4+0)
;__Lib_Lcd.c,107 :: 		
0x0379	0x1786      	BSF        LCD_EN, BitPos(LCD_EN+0)
;__Lib_Lcd.c,108 :: 		
0x037A	0x2017      	CALL       _Delay_1us
;__Lib_Lcd.c,109 :: 		
0x037B	0x1386      	BCF        LCD_EN, BitPos(LCD_EN+0)
;__Lib_Lcd.c,110 :: 		
0x037C	0x200A      	CALL       _Delay_5500us
;__Lib_Lcd.c,112 :: 		
0x037D	0x1786      	BSF        LCD_EN, BitPos(LCD_EN+0)
;__Lib_Lcd.c,113 :: 		
0x037E	0x2017      	CALL       _Delay_1us
;__Lib_Lcd.c,114 :: 		
0x037F	0x1386      	BCF        LCD_EN, BitPos(LCD_EN+0)
;__Lib_Lcd.c,115 :: 		
0x0380	0x200A      	CALL       _Delay_5500us
;__Lib_Lcd.c,117 :: 		
0x0381	0x1786      	BSF        LCD_EN, BitPos(LCD_EN+0)
;__Lib_Lcd.c,118 :: 		
0x0382	0x2017      	CALL       _Delay_1us
;__Lib_Lcd.c,119 :: 		
0x0383	0x1386      	BCF        LCD_EN, BitPos(LCD_EN+0)
;__Lib_Lcd.c,120 :: 		
0x0384	0x200A      	CALL       _Delay_5500us
;__Lib_Lcd.c,123 :: 		
0x0385	0x1207      	BCF        LCD_D4, BitPos(LCD_D4+0)
;__Lib_Lcd.c,124 :: 		
0x0386	0x1786      	BSF        LCD_EN, BitPos(LCD_EN+0)
;__Lib_Lcd.c,125 :: 		
0x0387	0x2017      	CALL       _Delay_1us
;__Lib_Lcd.c,126 :: 		
0x0388	0x1386      	BCF        LCD_EN, BitPos(LCD_EN+0)
;__Lib_Lcd.c,127 :: 		
0x0389	0x200A      	CALL       _Delay_5500us
;__Lib_Lcd.c,130 :: 		
0x038A	0x1786      	BSF        LCD_EN, BitPos(LCD_EN+0)
;__Lib_Lcd.c,131 :: 		
0x038B	0x2017      	CALL       _Delay_1us
;__Lib_Lcd.c,132 :: 		
0x038C	0x1386      	BCF        LCD_EN, BitPos(LCD_EN+0)
;__Lib_Lcd.c,134 :: 		
0x038D	0x1287      	BCF        LCD_D5, BitPos(LCD_D5+0)
;__Lib_Lcd.c,135 :: 		
0x038E	0x1787      	BSF        LCD_D7, BitPos(LCD_D7+0)
;__Lib_Lcd.c,136 :: 		
0x038F	0x1786      	BSF        LCD_EN, BitPos(LCD_EN+0)
;__Lib_Lcd.c,137 :: 		
0x0390	0x2017      	CALL       _Delay_1us
;__Lib_Lcd.c,138 :: 		
0x0391	0x1386      	BCF        LCD_EN, BitPos(LCD_EN+0)
;__Lib_Lcd.c,139 :: 		
0x0392	0x200A      	CALL       _Delay_5500us
;__Lib_Lcd.c,142 :: 		
0x0393	0x1387      	BCF        LCD_D7, BitPos(LCD_D7+0)
;__Lib_Lcd.c,143 :: 		
0x0394	0x1607      	BSF        LCD_D4, BitPos(LCD_D4+0)
;__Lib_Lcd.c,144 :: 		
0x0395	0x1786      	BSF        LCD_EN, BitPos(LCD_EN+0)
;__Lib_Lcd.c,145 :: 		
0x0396	0x2017      	CALL       _Delay_1us
;__Lib_Lcd.c,146 :: 		
0x0397	0x1386      	BCF        LCD_EN, BitPos(LCD_EN+0)
;__Lib_Lcd.c,148 :: 		
0x0398	0x1207      	BCF        LCD_D4, BitPos(LCD_D4+0)
;__Lib_Lcd.c,149 :: 		
0x0399	0x1786      	BSF        LCD_EN, BitPos(LCD_EN+0)
;__Lib_Lcd.c,150 :: 		
0x039A	0x2017      	CALL       _Delay_1us
;__Lib_Lcd.c,151 :: 		
0x039B	0x1386      	BCF        LCD_EN, BitPos(LCD_EN+0)
;__Lib_Lcd.c,152 :: 		
0x039C	0x200A      	CALL       _Delay_5500us
;__Lib_Lcd.c,155 :: 		
0x039D	0x1786      	BSF        LCD_EN, BitPos(LCD_EN+0)
;__Lib_Lcd.c,156 :: 		
0x039E	0x2017      	CALL       _Delay_1us
;__Lib_Lcd.c,157 :: 		
0x039F	0x1386      	BCF        LCD_EN, BitPos(LCD_EN+0)
;__Lib_Lcd.c,159 :: 		
0x03A0	0x1607      	BSF        LCD_D4, BitPos(LCD_D4+0)
;__Lib_Lcd.c,160 :: 		
0x03A1	0x1786      	BSF        LCD_EN, BitPos(LCD_EN+0)
;__Lib_Lcd.c,161 :: 		
0x03A2	0x2017      	CALL       _Delay_1us
;__Lib_Lcd.c,162 :: 		
0x03A3	0x1386      	BCF        LCD_EN, BitPos(LCD_EN+0)
;__Lib_Lcd.c,163 :: 		
0x03A4	0x200A      	CALL       _Delay_5500us
;__Lib_Lcd.c,166 :: 		
0x03A5	0x1207      	BCF        LCD_D4, BitPos(LCD_D4+0)
;__Lib_Lcd.c,167 :: 		
0x03A6	0x1786      	BSF        LCD_EN, BitPos(LCD_EN+0)
;__Lib_Lcd.c,168 :: 		
0x03A7	0x2017      	CALL       _Delay_1us
;__Lib_Lcd.c,169 :: 		
0x03A8	0x1386      	BCF        LCD_EN, BitPos(LCD_EN+0)
;__Lib_Lcd.c,171 :: 		
0x03A9	0x1787      	BSF        LCD_D7, BitPos(LCD_D7+0)
;__Lib_Lcd.c,172 :: 		
0x03AA	0x1707      	BSF        LCD_D6, BitPos(LCD_D6+0)
;__Lib_Lcd.c,173 :: 		
0x03AB	0x1687      	BSF        LCD_D5, BitPos(LCD_D5+0)
;__Lib_Lcd.c,174 :: 		
0x03AC	0x1607      	BSF        LCD_D4, BitPos(LCD_D4+0)
;__Lib_Lcd.c,175 :: 		
0x03AD	0x1786      	BSF        LCD_EN, BitPos(LCD_EN+0)
;__Lib_Lcd.c,176 :: 		
0x03AE	0x2017      	CALL       _Delay_1us
;__Lib_Lcd.c,177 :: 		
0x03AF	0x1386      	BCF        LCD_EN, BitPos(LCD_EN+0)
;__Lib_Lcd.c,179 :: 		
0x03B0	0x200A      	CALL       _Delay_5500us
;__Lib_Lcd.c,181 :: 		
0x03B1	0x1447      	BSF        __Lib_Lcd_cmd_status, BitPos(__Lib_Lcd_cmd_status+0)
;__Lib_Lcd.c,182 :: 		
0x03B2	0x0008      	RETURN
; end of _Lcd_Init
_main:
0x03B3	0x2532      	CALL       1330
;vm.c,50 :: 		void main()
;vm.c,54 :: 		char *volt = "00.0";
0x03B4	0x3021      	MOVLW      ?lstr1_vm
0x03B5	0x1283      	BCF        STATUS, 5
0x03B6	0x1303      	BCF        STATUS, 6
0x03B7	0x00D0      	MOVWF      main_volt_L0
0x03B8	0x3033      	MOVLW      ?lstr2_vm
0x03B9	0x00D1      	MOVWF      main_current_L0
;vm.c,56 :: 		TRISA  = 0xFF;
0x03BA	0x30FF      	MOVLW      255
0x03BB	0x1683      	BSF        STATUS, 5
0x03BC	0x0085      	MOVWF      TRISA
;vm.c,57 :: 		Lcd_Init();
0x03BD	0x2365      	CALL       _Lcd_Init
;vm.c,58 :: 		Lcd_Cmd(_LCD_CLEAR);
0x03BE	0x3001      	MOVLW      1
0x03BF	0x00D8      	MOVWF      FARG_Lcd_Cmd_out_char
0x03C0	0x201A      	CALL       _Lcd_Cmd
;vm.c,59 :: 		Lcd_Cmd(_LCD_CURSOR_OFF);
0x03C1	0x300C      	MOVLW      12
0x03C2	0x00D8      	MOVWF      FARG_Lcd_Cmd_out_char
0x03C3	0x201A      	CALL       _Lcd_Cmd
;vm.c,61 :: 		do
L_main13:
;vm.c,64 :: 		ADCON1 = 0x00;
0x03C4	0x1683      	BSF        STATUS, 5
0x03C5	0x019F      	CLRF       ADCON1
;vm.c,65 :: 		v = ADC_Read(2);
0x03C6	0x3002      	MOVLW      2
0x03C7	0x1283      	BCF        STATUS, 5
0x03C8	0x00D3      	MOVWF      FARG_ADC_Read_channel
0x03C9	0x22DF      	CALL       _ADC_Read
0x03CA	0x0870      	MOVF       R0, 0
0x03CB	0x1283      	BCF        STATUS, 5
0x03CC	0x00C8      	MOVWF      main_v_L0
0x03CD	0x0871      	MOVF       R0+1, 0
0x03CE	0x00C9      	MOVWF      main_v_L0+1
;vm.c,66 :: 		i = ADC_Read(3);
0x03CF	0x3003      	MOVLW      3
0x03D0	0x00D3      	MOVWF      FARG_ADC_Read_channel
0x03D1	0x22DF      	CALL       _ADC_Read
0x03D2	0x0870      	MOVF       R0, 0
0x03D3	0x1283      	BCF        STATUS, 5
0x03D4	0x00CE      	MOVWF      main_i_L0
0x03D5	0x0871      	MOVF       R0+1, 0
0x03D6	0x00CF      	MOVWF      main_i_L0+1
;vm.c,67 :: 		i = (i*4.89)/0.47;
0x03D7	0x234F      	CALL       _Word2Double
0x03D8	0x30E1      	MOVLW      225
0x03D9	0x00F4      	MOVWF      R4
0x03DA	0x307A      	MOVLW      122
0x03DB	0x00F5      	MOVWF      R4+1
0x03DC	0x301C      	MOVLW      28
0x03DD	0x00F6      	MOVWF      R4+2
0x03DE	0x3081      	MOVLW      129
0x03DF	0x00F7      	MOVWF      R4+3
0x03E0	0x218A      	CALL       _Mul_32x32_FP
0x03E1	0x30D7      	MOVLW      215
0x03E2	0x00F4      	MOVWF      R4
0x03E3	0x30A3      	MOVLW      163
0x03E4	0x00F5      	MOVWF      R4+1
0x03E5	0x3070      	MOVLW      112
0x03E6	0x00F6      	MOVWF      R4+2
0x03E7	0x307D      	MOVLW      125
0x03E8	0x00F7      	MOVWF      R4+3
0x03E9	0x20D3      	CALL       _Div_32x32_FP
0x03EA	0x21EB      	CALL       _Double2Word
0x03EB	0x0870      	MOVF       R0, 0
0x03EC	0x00CE      	MOVWF      main_i_L0
0x03ED	0x0871      	MOVF       R0+1, 0
0x03EE	0x00CF      	MOVWF      main_i_L0+1
;vm.c,68 :: 		v = ((v*4.89)/20)*120;
0x03EF	0x0848      	MOVF       main_v_L0, 0
0x03F0	0x00F0      	MOVWF      R0
0x03F1	0x0849      	MOVF       main_v_L0+1, 0
0x03F2	0x00F1      	MOVWF      R0+1
0x03F3	0x234F      	CALL       _Word2Double
0x03F4	0x30E1      	MOVLW      225
0x03F5	0x00F4      	MOVWF      R4
0x03F6	0x307A      	MOVLW      122
0x03F7	0x00F5      	MOVWF      R4+1
0x03F8	0x301C      	MOVLW      28
0x03F9	0x00F6      	MOVWF      R4+2
0x03FA	0x3081      	MOVLW      129
0x03FB	0x00F7      	MOVWF      R4+3
0x03FC	0x218A      	CALL       _Mul_32x32_FP
0x03FD	0x3000      	MOVLW      0
0x03FE	0x00F4      	MOVWF      R4
0x03FF	0x3000      	MOVLW      0
0x0400	0x00F5      	MOVWF      R4+1
0x0401	0x3020      	MOVLW      32
0x0402	0x00F6      	MOVWF      R4+2
0x0403	0x3083      	MOVLW      131
0x0404	0x00F7      	MOVWF      R4+3
0x0405	0x20D3      	CALL       _Div_32x32_FP
0x0406	0x3000      	MOVLW      0
0x0407	0x00F4      	MOVWF      R4
0x0408	0x3000      	MOVLW      0
0x0409	0x00F5      	MOVWF      R4+1
0x040A	0x3070      	MOVLW      112
0x040B	0x00F6      	MOVWF      R4+2
0x040C	0x3085      	MOVLW      133
0x040D	0x00F7      	MOVWF      R4+3
0x040E	0x218A      	CALL       _Mul_32x32_FP
0x040F	0x21EB      	CALL       _Double2Word
0x0410	0x0870      	MOVF       R0, 0
0x0411	0x00C8      	MOVWF      main_v_L0
0x0412	0x0871      	MOVF       R0+1, 0
0x0413	0x00C9      	MOVWF      main_v_L0+1
;vm.c,69 :: 		if(v!=vp || i!=ip )
0x0414	0x0871      	MOVF       R0+1, 0
0x0415	0x064B      	XORWF      main_vp_L0+1, 0
0x0416	0x1D03      	BTFSS      STATUS, 2
0x0417	0x2C1A      	GOTO       L__main31
0x0418	0x084A      	MOVF       main_vp_L0, 0
0x0419	0x0670      	XORWF      R0, 0
L__main31:
0x041A	0x1D03      	BTFSS      STATUS, 2
0x041B	0x2C25      	GOTO       L__main20
0x041C	0x084F      	MOVF       main_i_L0+1, 0
0x041D	0x064D      	XORWF      main_ip_L0+1, 0
0x041E	0x1D03      	BTFSS      STATUS, 2
0x041F	0x2C22      	GOTO       L__main32
0x0420	0x084C      	MOVF       main_ip_L0, 0
0x0421	0x064E      	XORWF      main_i_L0, 0
L__main32:
0x0422	0x1D03      	BTFSS      STATUS, 2
0x0423	0x2C25      	GOTO       L__main20
0x0424	0x2C28      	GOTO       L_main18
L__main20:
;vm.c,70 :: 		Lcd_Cmd(_LCD_CLEAR);
0x0425	0x3001      	MOVLW      1
0x0426	0x00D8      	MOVWF      FARG_Lcd_Cmd_out_char
0x0427	0x201A      	CALL       _Lcd_Cmd
L_main18:
;vm.c,71 :: 		vp = v;
0x0428	0x0848      	MOVF       main_v_L0, 0
0x0429	0x00CA      	MOVWF      main_vp_L0
0x042A	0x0849      	MOVF       main_v_L0+1, 0
0x042B	0x00CB      	MOVWF      main_vp_L0+1
;vm.c,72 :: 		ip = i;
0x042C	0x084E      	MOVF       main_i_L0, 0
0x042D	0x00CC      	MOVWF      main_ip_L0
0x042E	0x084F      	MOVF       main_i_L0+1, 0
0x042F	0x00CD      	MOVWF      main_ip_L0+1
;vm.c,73 :: 		volt[0] = look(v/10000);
0x0430	0x0850      	MOVF       main_volt_L0, 0
0x0431	0x00D2      	MOVWF      FLOC__main
0x0432	0x3010      	MOVLW      16
0x0433	0x00F4      	MOVWF      R4
0x0434	0x3027      	MOVLW      39
0x0435	0x00F5      	MOVWF      R4+1
0x0436	0x0848      	MOVF       main_v_L0, 0
0x0437	0x00F0      	MOVWF      R0
0x0438	0x0849      	MOVF       main_v_L0+1, 0
0x0439	0x00F1      	MOVWF      R0+1
0x043A	0x224A      	CALL       _Div_16x16_U
0x043B	0x0870      	MOVF       R0, 0
0x043C	0x00D3      	MOVWF      FARG_look_a
0x043D	0x0871      	MOVF       R0+1, 0
0x043E	0x00D4      	MOVWF      FARG_look_a+1
0x043F	0x2267      	CALL       _look
0x0440	0x0852      	MOVF       FLOC__main, 0
0x0441	0x0084      	MOVWF      FSR
0x0442	0x0870      	MOVF       R0, 0
0x0443	0x0080      	MOVWF      INDF
;vm.c,74 :: 		volt[1] = look((v/1000)%10);
0x0444	0x0A50      	INCF       main_volt_L0, 0
0x0445	0x00D2      	MOVWF      FLOC__main
0x0446	0x30E8      	MOVLW      232
0x0447	0x00F4      	MOVWF      R4
0x0448	0x3003      	MOVLW      3
0x0449	0x00F5      	MOVWF      R4+1
0x044A	0x0848      	MOVF       main_v_L0, 0
0x044B	0x00F0      	MOVWF      R0
0x044C	0x0849      	MOVF       main_v_L0+1, 0
0x044D	0x00F1      	MOVWF      R0+1
0x044E	0x224A      	CALL       _Div_16x16_U
0x044F	0x300A      	MOVLW      10
0x0450	0x00F4      	MOVWF      R4
0x0451	0x3000      	MOVLW      0
0x0452	0x00F5      	MOVWF      R4+1
0x0453	0x224A      	CALL       _Div_16x16_U
0x0454	0x0878      	MOVF       R8, 0
0x0455	0x00F0      	MOVWF      R0
0x0456	0x0879      	MOVF       R8+1, 0
0x0457	0x00F1      	MOVWF      R0+1
0x0458	0x0870      	MOVF       R0, 0
0x0459	0x00D3      	MOVWF      FARG_look_a
0x045A	0x0871      	MOVF       R0+1, 0
0x045B	0x00D4      	MOVWF      FARG_look_a+1
0x045C	0x2267      	CALL       _look
0x045D	0x0852      	MOVF       FLOC__main, 0
0x045E	0x0084      	MOVWF      FSR
0x045F	0x0870      	MOVF       R0, 0
0x0460	0x0080      	MOVWF      INDF
;vm.c,75 :: 		volt[3] = look((v/100)%10);
0x0461	0x3003      	MOVLW      3
0x0462	0x0750      	ADDWF      main_volt_L0, 0
0x0463	0x00D2      	MOVWF      FLOC__main
0x0464	0x3064      	MOVLW      100
0x0465	0x00F4      	MOVWF      R4
0x0466	0x3000      	MOVLW      0
0x0467	0x00F5      	MOVWF      R4+1
0x0468	0x0848      	MOVF       main_v_L0, 0
0x0469	0x00F0      	MOVWF      R0
0x046A	0x0849      	MOVF       main_v_L0+1, 0
0x046B	0x00F1      	MOVWF      R0+1
0x046C	0x224A      	CALL       _Div_16x16_U
0x046D	0x300A      	MOVLW      10
0x046E	0x00F4      	MOVWF      R4
0x046F	0x3000      	MOVLW      0
0x0470	0x00F5      	MOVWF      R4+1
0x0471	0x224A      	CALL       _Div_16x16_U
0x0472	0x0878      	MOVF       R8, 0
0x0473	0x00F0      	MOVWF      R0
0x0474	0x0879      	MOVF       R8+1, 0
0x0475	0x00F1      	MOVWF      R0+1
0x0476	0x0870      	MOVF       R0, 0
0x0477	0x00D3      	MOVWF      FARG_look_a
0x0478	0x0871      	MOVF       R0+1, 0
0x0479	0x00D4      	MOVWF      FARG_look_a+1
0x047A	0x2267      	CALL       _look
0x047B	0x0852      	MOVF       FLOC__main, 0
0x047C	0x0084      	MOVWF      FSR
0x047D	0x0870      	MOVF       R0, 0
0x047E	0x0080      	MOVWF      INDF
;vm.c,76 :: 		Lcd_Out(1,1,"Voltage = ");
0x047F	0x3001      	MOVLW      1
0x0480	0x00D3      	MOVWF      FARG_Lcd_Out_row
0x0481	0x3001      	MOVLW      1
0x0482	0x00D4      	MOVWF      FARG_Lcd_Out_column
0x0483	0x3028      	MOVLW      ?lstr3_vm
0x0484	0x00D5      	MOVWF      FARG_Lcd_Out_text
0x0485	0x2303      	CALL       _Lcd_Out
;vm.c,77 :: 		Lcd_Out(1,11,volt);
0x0486	0x3001      	MOVLW      1
0x0487	0x00D3      	MOVWF      FARG_Lcd_Out_row
0x0488	0x300B      	MOVLW      11
0x0489	0x00D4      	MOVWF      FARG_Lcd_Out_column
0x048A	0x0850      	MOVF       main_volt_L0, 0
0x048B	0x00D5      	MOVWF      FARG_Lcd_Out_text
0x048C	0x2303      	CALL       _Lcd_Out
;vm.c,78 :: 		Lcd_Out(1,16,"V");
0x048D	0x3001      	MOVLW      1
0x048E	0x00D3      	MOVWF      FARG_Lcd_Out_row
0x048F	0x3010      	MOVLW      16
0x0490	0x00D4      	MOVWF      FARG_Lcd_Out_column
0x0491	0x3043      	MOVLW      ?lstr4_vm
0x0492	0x00D5      	MOVWF      FARG_Lcd_Out_text
0x0493	0x2303      	CALL       _Lcd_Out
;vm.c,80 :: 		current[0] = look(i/1000);
0x0494	0x0851      	MOVF       main_current_L0, 0
0x0495	0x00D2      	MOVWF      FLOC__main
0x0496	0x30E8      	MOVLW      232
0x0497	0x00F4      	MOVWF      R4
0x0498	0x3003      	MOVLW      3
0x0499	0x00F5      	MOVWF      R4+1
0x049A	0x084E      	MOVF       main_i_L0, 0
0x049B	0x00F0      	MOVWF      R0
0x049C	0x084F      	MOVF       main_i_L0+1, 0
0x049D	0x00F1      	MOVWF      R0+1
0x049E	0x224A      	CALL       _Div_16x16_U
0x049F	0x0870      	MOVF       R0, 0
0x04A0	0x00D3      	MOVWF      FARG_look_a
0x04A1	0x0871      	MOVF       R0+1, 0
0x04A2	0x00D4      	MOVWF      FARG_look_a+1
0x04A3	0x2267      	CALL       _look
0x04A4	0x0852      	MOVF       FLOC__main, 0
0x04A5	0x0084      	MOVWF      FSR
0x04A6	0x0870      	MOVF       R0, 0
0x04A7	0x0080      	MOVWF      INDF
;vm.c,81 :: 		current[2] = look((i/100)%10);
0x04A8	0x3002      	MOVLW      2
0x04A9	0x0751      	ADDWF      main_current_L0, 0
0x04AA	0x00D2      	MOVWF      FLOC__main
0x04AB	0x3064      	MOVLW      100
0x04AC	0x00F4      	MOVWF      R4
0x04AD	0x3000      	MOVLW      0
0x04AE	0x00F5      	MOVWF      R4+1
0x04AF	0x084E      	MOVF       main_i_L0, 0
0x04B0	0x00F0      	MOVWF      R0
0x04B1	0x084F      	MOVF       main_i_L0+1, 0
0x04B2	0x00F1      	MOVWF      R0+1
0x04B3	0x224A      	CALL       _Div_16x16_U
0x04B4	0x300A      	MOVLW      10
0x04B5	0x00F4      	MOVWF      R4
0x04B6	0x3000      	MOVLW      0
0x04B7	0x00F5      	MOVWF      R4+1
0x04B8	0x224A      	CALL       _Div_16x16_U
0x04B9	0x0878      	MOVF       R8, 0
0x04BA	0x00F0      	MOVWF      R0
0x04BB	0x0879      	MOVF       R8+1, 0
0x04BC	0x00F1      	MOVWF      R0+1
0x04BD	0x0870      	MOVF       R0, 0
0x04BE	0x00D3      	MOVWF      FARG_look_a
0x04BF	0x0871      	MOVF       R0+1, 0
0x04C0	0x00D4      	MOVWF      FARG_look_a+1
0x04C1	0x2267      	CALL       _look
0x04C2	0x0852      	MOVF       FLOC__main, 0
0x04C3	0x0084      	MOVWF      FSR
0x04C4	0x0870      	MOVF       R0, 0
0x04C5	0x0080      	MOVWF      INDF
;vm.c,82 :: 		current[3] = look((i/10)%10);
0x04C6	0x3003      	MOVLW      3
0x04C7	0x0751      	ADDWF      main_current_L0, 0
0x04C8	0x00D2      	MOVWF      FLOC__main
0x04C9	0x300A      	MOVLW      10
0x04CA	0x00F4      	MOVWF      R4
0x04CB	0x3000      	MOVLW      0
0x04CC	0x00F5      	MOVWF      R4+1
0x04CD	0x084E      	MOVF       main_i_L0, 0
0x04CE	0x00F0      	MOVWF      R0
0x04CF	0x084F      	MOVF       main_i_L0+1, 0
0x04D0	0x00F1      	MOVWF      R0+1
0x04D1	0x224A      	CALL       _Div_16x16_U
0x04D2	0x300A      	MOVLW      10
0x04D3	0x00F4      	MOVWF      R4
0x04D4	0x3000      	MOVLW      0
0x04D5	0x00F5      	MOVWF      R4+1
0x04D6	0x224A      	CALL       _Div_16x16_U
0x04D7	0x0878      	MOVF       R8, 0
0x04D8	0x00F0      	MOVWF      R0
0x04D9	0x0879      	MOVF       R8+1, 0
0x04DA	0x00F1      	MOVWF      R0+1
0x04DB	0x0870      	MOVF       R0, 0
0x04DC	0x00D3      	MOVWF      FARG_look_a
0x04DD	0x0871      	MOVF       R0+1, 0
0x04DE	0x00D4      	MOVWF      FARG_look_a+1
0x04DF	0x2267      	CALL       _look
0x04E0	0x0852      	MOVF       FLOC__main, 0
0x04E1	0x0084      	MOVWF      FSR
0x04E2	0x0870      	MOVF       R0, 0
0x04E3	0x0080      	MOVWF      INDF
;vm.c,83 :: 		Lcd_Out(2,1,"Current = ");
0x04E4	0x3002      	MOVLW      2
0x04E5	0x00D3      	MOVWF      FARG_Lcd_Out_row
0x04E6	0x3001      	MOVLW      1
0x04E7	0x00D4      	MOVWF      FARG_Lcd_Out_column
0x04E8	0x3038      	MOVLW      ?lstr5_vm
0x04E9	0x00D5      	MOVWF      FARG_Lcd_Out_text
0x04EA	0x2303      	CALL       _Lcd_Out
;vm.c,84 :: 		Lcd_Out(2,11,current);
0x04EB	0x3002      	MOVLW      2
0x04EC	0x00D3      	MOVWF      FARG_Lcd_Out_row
0x04ED	0x300B      	MOVLW      11
0x04EE	0x00D4      	MOVWF      FARG_Lcd_Out_column
0x04EF	0x0851      	MOVF       main_current_L0, 0
0x04F0	0x00D5      	MOVWF      FARG_Lcd_Out_text
0x04F1	0x2303      	CALL       _Lcd_Out
;vm.c,85 :: 		Lcd_Out(2,16,"A");
0x04F2	0x3002      	MOVLW      2
0x04F3	0x00D3      	MOVWF      FARG_Lcd_Out_row
0x04F4	0x3010      	MOVLW      16
0x04F5	0x00D4      	MOVWF      FARG_Lcd_Out_column
0x04F6	0x3026      	MOVLW      ?lstr6_vm
0x04F7	0x00D5      	MOVWF      FARG_Lcd_Out_text
0x04F8	0x2303      	CALL       _Lcd_Out
;vm.c,86 :: 		Delay_ms(250);
0x04F9	0x3003      	MOVLW      3
0x04FA	0x00FB      	MOVWF      R11
0x04FB	0x308A      	MOVLW      138
0x04FC	0x00FC      	MOVWF      R12
0x04FD	0x3055      	MOVLW      85
0x04FE	0x00FD      	MOVWF      R13
L_main19:
0x04FF	0x0BFD      	DECFSZ     R13, 1
0x0500	0x2CFF      	GOTO       L_main19
0x0501	0x0BFC      	DECFSZ     R12, 1
0x0502	0x2CFF      	GOTO       L_main19
0x0503	0x0BFB      	DECFSZ     R11, 1
0x0504	0x2CFF      	GOTO       L_main19
0x0505	0x0000      	NOP
0x0506	0x0000      	NOP
;vm.c,87 :: 		} while(1);
0x0507	0x2BC4      	GOTO       L_main13
;vm.c,88 :: 		}
0x0508	0x2D08      	GOTO       $+0
; end of _main
0x0532	0x3021      	MOVLW      33
0x0533	0x0084      	MOVWF      FSR
0x0534	0x3024      	MOVLW      36
0x0535	0x1283      	BCF        STATUS, 5
0x0536	0x1303      	BCF        STATUS, 6
0x0537	0x00F0      	MOVWF      R0
0x0538	0x300E      	MOVLW      14
0x0539	0x00C5      	MOVWF      ___DoICPAddr
0x053A	0x3005      	MOVLW      5
0x053B	0x00C6      	MOVWF      70
0x053C	0x2343      	CALL       835
0x053D	0x0008      	RETURN
;vm.c,0 :: ?ICS?lstr1_vm
0x050E	0x3430 ;?ICS?lstr1_vm+0
0x050F	0x3430 ;?ICS?lstr1_vm+1
0x0510	0x342E ;?ICS?lstr1_vm+2
0x0511	0x3430 ;?ICS?lstr1_vm+3
0x0512	0x3400 ;?ICS?lstr1_vm+4
; end of ?ICS?lstr1_vm
;vm.c,0 :: ?ICS?lstr6_vm
0x0513	0x3441 ;?ICS?lstr6_vm+0
0x0514	0x3400 ;?ICS?lstr6_vm+1
; end of ?ICS?lstr6_vm
;vm.c,0 :: ?ICS?lstr3_vm
0x0515	0x3456 ;?ICS?lstr3_vm+0
0x0516	0x346F ;?ICS?lstr3_vm+1
0x0517	0x346C ;?ICS?lstr3_vm+2
0x0518	0x3474 ;?ICS?lstr3_vm+3
0x0519	0x3461 ;?ICS?lstr3_vm+4
0x051A	0x3467 ;?ICS?lstr3_vm+5
0x051B	0x3465 ;?ICS?lstr3_vm+6
0x051C	0x3420 ;?ICS?lstr3_vm+7
0x051D	0x343D ;?ICS?lstr3_vm+8
0x051E	0x3420 ;?ICS?lstr3_vm+9
0x051F	0x3400 ;?ICS?lstr3_vm+10
; end of ?ICS?lstr3_vm
;vm.c,0 :: ?ICS?lstr2_vm
0x0520	0x3430 ;?ICS?lstr2_vm+0
0x0521	0x342E ;?ICS?lstr2_vm+1
0x0522	0x3430 ;?ICS?lstr2_vm+2
0x0523	0x3430 ;?ICS?lstr2_vm+3
0x0524	0x3400 ;?ICS?lstr2_vm+4
; end of ?ICS?lstr2_vm
;vm.c,0 :: ?ICS?lstr5_vm
0x0525	0x3443 ;?ICS?lstr5_vm+0
0x0526	0x3475 ;?ICS?lstr5_vm+1
0x0527	0x3472 ;?ICS?lstr5_vm+2
0x0528	0x3472 ;?ICS?lstr5_vm+3
0x0529	0x3465 ;?ICS?lstr5_vm+4
0x052A	0x346E ;?ICS?lstr5_vm+5
0x052B	0x3474 ;?ICS?lstr5_vm+6
0x052C	0x3420 ;?ICS?lstr5_vm+7
0x052D	0x343D ;?ICS?lstr5_vm+8
0x052E	0x3420 ;?ICS?lstr5_vm+9
0x052F	0x3400 ;?ICS?lstr5_vm+10
; end of ?ICS?lstr5_vm
;vm.c,0 :: ?ICS?lstr4_vm
0x0530	0x3456 ;?ICS?lstr4_vm+0
0x0531	0x3400 ;?ICS?lstr4_vm+1
; end of ?ICS?lstr4_vm
Symbol List:
//** Routines locations **
//ADDRESS    SIZE    PROCEDURE
//----------------------------------------------
0x0003       [7]    _Delay_50us
0x000A      [13]    _Delay_5500us
0x0017       [3]    _Delay_1us
0x001A      [64]    _Lcd_Cmd
0x005A       [7]    _RES032
0x0061       [4]    _FIXSIGN32
0x0065      [12]    _SETFUN32
0x0071      [13]    _SETIOV3224
0x007E       [7]    _____DoICP
0x0085       [8]    _Delay_22us
0x008D       [8]    _Lcd_Chr_CP
0x0095      [47]    _NRM3232
0x00C4      [12]    _SETFOV32
0x00D0       [3]    _SETFDZ32
0x00D3     [183]    _Div_32x32_FP
0x018A      [97]    _Mul_32x32_FP
0x01EB      [95]    _Double2Word
0x024A      [29]    _Div_16x16_U
0x0267     [120]    _look
0x02DF      [36]    _ADC_Read
0x0303      [64]    _Lcd_Out
0x0343      [12]    ___CC2DW
0x034F      [22]    _Word2Double
0x0365      [78]    _Lcd_Init
0x03B3     [341]    _main
//** Variables locations ** 
//ADDRESS    SIZE    VARIABLE
//----------------------------------------------
0x0000       [1]    INDF
0x0001       [1]    TMR0
0x0002       [1]    PCL
0x0003       [0]    IRP_bit
0x0003       [1]    STATUS
0x0003       [0]    NOT_TO_bit
0x0003       [0]    C_bit
0x0003       [0]    DC_bit
0x0003       [0]    Z_bit
0x0003       [0]    RP1_bit
0x0003       [0]    NOT_PD_bit
0x0003       [0]    RP0_bit
0x0004       [1]    FSR
0x0004       [1]    FSRPTR
0x0005       [0]    RA1_bit
0x0005       [0]    RA2_bit
0x0005       [1]    PORTA
0x0005       [0]    RA4_bit
0x0005       [0]    RA3_bit
0x0005       [0]    RA5_bit
0x0005       [0]    RA0_bit
0x0006       [0]    RB6_bit
0x0006       [0]    LCD_EN
0x0006       [0]    LCD_RS
0x0006       [0]    RB7_bit
0x0006       [1]    PORTB
0x0006       [0]    RB2_bit
0x0006       [0]    RB1_bit
0x0006       [0]    RB0_bit
0x0006       [0]    RB3_bit
0x0006       [0]    RB5_bit
0x0006       [0]    RB4_bit
0x0007       [1]    PORTC
0x0007       [0]    RC4_bit
0x0007       [0]    RC5_bit
0x0007       [0]    RC6_bit
0x0007       [0]    LCD_D5
0x0007       [0]    LCD_D4
0x0007       [0]    RC0_bit
0x0007       [0]    LCD_D6
0x0007       [0]    LCD_D7
0x0007       [0]    RC3_bit
0x0007       [0]    RC2_bit
0x0007       [0]    RC1_bit
0x0007       [0]    RC7_bit
0x0008       [0]    RD2_bit
0x0008       [0]    RD3_bit
0x0008       [0]    RD1_bit
0x0008       [0]    RD0_bit
0x0008       [0]    RD4_bit
0x0008       [1]    PORTD
0x0008       [0]    RD7_bit
0x0008       [0]    RD5_bit
0x0008       [0]    RD6_bit
0x0009       [0]    RE2_bit
0x0009       [0]    RE0_bit
0x0009       [0]    RE1_bit
0x0009       [1]    PORTE
0x000A       [1]    PCLATH
0x000B       [0]    GIE_bit
0x000B       [0]    PEIE_bit
0x000B       [0]    TMR0IF_bit
0x000B       [1]    INTCON
0x000B       [0]    TMR0IE_bit
0x000B       [0]    RBIF_bit
0x000B       [0]    RBIE_bit
0x000B       [0]    T0IE_bit
0x000B       [0]    INTE_bit
0x000B       [0]    T0IF_bit
0x000B       [0]    INTF_bit
0x000C       [0]    TMR2IF_bit
0x000C       [0]    PSPIF_bit
0x000C       [0]    TMR1IF_bit
0x000C       [1]    PIR1
0x000C       [0]    ADIF_bit
0x000C       [0]    CCP1IF_bit
0x000C       [0]    SSPIF_bit
0x000C       [0]    RCIF_bit
0x000C       [0]    TXIF_bit
0x000D       [0]    BCLIF_bit
0x000D       [1]    PIR2
0x000D       [0]    EEIF_bit
0x000D       [0]    CMIF_bit
0x000D       [0]    CCP2IF_bit
0x000E       [1]    TMR1L
0x000F       [1]    TMR1H
0x0010       [0]    TMR1CS_bit
0x0010       [0]    T1SYNC_bit
0x0010       [0]    TMR1ON_bit
0x0010       [0]    T1OSCEN_bit
0x0010       [0]    NOT_T1SYNC_bit
0x0010       [0]    T1CKPS1_bit
0x0010       [0]    T1INSYNC_bit
0x0010       [1]    T1CON
0x0010       [0]    T1CKPS0_bit
0x0011       [1]    TMR2
0x0012       [0]    TMR2ON_bit
0x0012       [0]    TOUTPS2_bit
0x0012       [0]    T2CKPS0_bit
0x0012       [0]    TOUTPS0_bit
0x0012       [1]    T2CON
0x0012       [0]    TOUTPS1_bit
0x0012       [0]    T2CKPS1_bit
0x0012       [0]    TOUTPS3_bit
0x0013       [1]    SSPBUF
0x0014       [0]    SSPM2_bit
0x0014       [0]    SSPM3_bit
0x0014       [0]    WCOL_bit
0x0014       [0]    SSPM1_bit
0x0014       [1]    SSPCON
0x0014       [0]    SSPEN_bit
0x0014       [0]    SSPM0_bit
0x0014       [0]    SSPOV_bit
0x0014       [0]    CKP_bit
0x0015       [1]    CCPR1L
0x0015       [2]    CCPR1
0x0016       [1]    CCPR1H
0x0017       [0]    CCP1Y_bit
0x0017       [0]    CCP1M1_bit
0x0017       [0]    CCP1X_bit
0x0017       [1]    CCP1CON
0x0017       [0]    CCP1M0_bit
0x0017       [0]    CCP1M2_bit
0x0017       [0]    CCP1M3_bit
0x0018       [0]    OERR_bit
0x0018       [0]    NOT_RC8_bit
0x0018       [0]    FERR_bit
0x0018       [1]    RCSTA
0x0018       [0]    RX9_bit
0x0018       [0]    RCD8_bit
0x0018       [0]    RC8_9_bit
0x0018       [0]    RC9_bit
0x0018       [0]    SREN_bit
0x0018       [0]    SPEN_bit
0x0018       [0]    CREN_bit
0x0018       [0]    ADDEN_bit
0x0018       [0]    RX9D_bit
0x0019       [1]    TXREG
0x001A       [1]    RCREG
0x001B       [1]    CCPR2L
0x001B       [2]    CCPR2
0x001C       [1]    CCPR2H
0x001D       [1]    CCP2CON
0x001D       [0]    CCP2M3_bit
0x001D       [0]    CCP2M0_bit
0x001D       [0]    CCP2X_bit
0x001D       [0]    CCP2M1_bit
0x001D       [0]    CCP2M2_bit
0x001D       [0]    CCP2Y_bit
0x001E       [1]    ADRESH
0x001F       [0]    NOT_DONE_bit
0x001F       [0]    CHS1_bit
0x001F       [1]    ADCON0
0x001F       [0]    CHS2_bit
0x001F       [0]    ADCS1_bit
0x001F       [0]    ADCS0_bit
0x001F       [0]    CHS0_bit
0x001F       [0]    ADON_bit
0x001F       [0]    GO_bit
0x001F       [0]    GO_DONE_bit
0x0020       [1]    __math_tempbD
0x0021       [5]    ?lstr1_vm
0x0026       [2]    ?lstr6_vm
0x0028      [11]    ?lstr3_vm
0x0033       [5]    ?lstr2_vm
0x0038      [11]    ?lstr5_vm
0x0043       [2]    ?lstr4_vm
0x0045       [2]    ___DoICPAddr
0x0047       [0]    __Lib_Lcd_cmd_status
0x0048       [2]    main_v_L0
0x004A       [2]    main_vp_L0
0x004C       [2]    main_ip_L0
0x004E       [2]    main_i_L0
0x0050       [1]    main_volt_L0
0x0051       [1]    main_current_L0
0x0052       [1]    FLOC__main
0x0053       [1]    FARG_Lcd_Out_row
0x0053       [1]    FARG_ADC_Read_channel
0x0053       [2]    FARG_look_a
0x0054       [1]    FARG_Lcd_Out_column
0x0055       [1]    FARG_Lcd_Out_text
0x0056       [1]    Lcd_Out_i_L0
0x0057       [1]    FARG_Lcd_Chr_CP_out_char
0x0058       [1]    FARG_Lcd_Cmd_out_char
0x0070       [1]    R0
0x0071       [1]    R1
0x0072       [1]    R2
0x0073       [1]    R3
0x0074       [1]    R4
0x0075       [1]    R5
0x0076       [1]    R6
0x0077       [1]    R7
0x0078       [1]    R8
0x0079       [1]    R9
0x007A       [1]    R10
0x007B       [1]    R11
0x007C       [1]    R12
0x007D       [1]    R13
0x007E       [1]    R14
0x007F       [1]    R15
0x0081       [0]    T0CS_bit
0x0081       [0]    PSA_bit
0x0081       [1]    OPTION_REG
0x0081       [0]    T0SE_bit
0x0081       [0]    PS2_bit
0x0081       [0]    NOT_RBPU_bit
0x0081       [0]    INTEDG_bit
0x0081       [0]    PS1_bit
0x0081       [0]    PS0_bit
0x0085       [0]    TRISA5_bit
0x0085       [1]    TRISA
0x0085       [0]    TRISA4_bit
0x0085       [0]    TRISA1_bit
0x0085       [0]    TRISA2_bit
0x0085       [0]    TRISA3_bit
0x0085       [0]    TRISA0_bit
0x0086       [1]    TRISB
0x0086       [0]    TRISB7_bit
0x0086       [0]    LCD_RS_Direction
0x0086       [0]    LCD_EN_Direction
0x0086       [0]    TRISB2_bit
0x0086       [0]    TRISB1_bit
0x0086       [0]    TRISB0_bit
0x0086       [0]    TRISB3_bit
0x0086       [0]    TRISB6_bit
0x0086       [0]    TRISB5_bit
0x0086       [0]    TRISB4_bit
0x0087       [0]    LCD_D4_Direction
0x0087       [1]    TRISC
0x0087       [0]    TRISC7_bit
0x0087       [0]    LCD_D7_Direction
0x0087       [0]    LCD_D6_Direction
0x0087       [0]    LCD_D5_Direction
0x0087       [0]    TRISC6_bit
0x0087       [0]    TRISC2_bit
0x0087       [0]    TRISC1_bit
0x0087       [0]    TRISC0_bit
0x0087       [0]    TRISC3_bit
0x0087       [0]    TRISC5_bit
0x0087       [0]    TRISC4_bit
0x0088       [1]    TRISD
0x0088       [0]    TRISD4_bit
0x0088       [0]    TRISD3_bit
0x0088       [0]    TRISD5_bit
0x0088       [0]    TRISD7_bit
0x0088       [0]    TRISD6_bit
0x0088       [0]    TRISD2_bit
0x0088       [0]    TRISD0_bit
0x0088       [0]    TRISD1_bit
0x0089       [0]    IBF_bit
0x0089       [0]    IBOV_TRISE_bit
0x0089       [0]    IBOV_bit
0x0089       [0]    IBF_TRISE_bit
0x0089       [0]    TRISE0_bit
0x0089       [1]    TRISE
0x0089       [0]    OBF_TRISE_bit
0x0089       [0]    OBF_bit
0x0089       [0]    PSPMODE_bit
0x0089       [0]    TRISE1_bit
0x0089       [0]    TRISE2_bit
0x0089       [0]    PSPMODE_TRISE_bit
0x008C       [0]    RCIE_bit
0x008C       [0]    TMR2IE_bit
0x008C       [0]    SSPIE_bit
0x008C       [0]    TMR1IE_bit
0x008C       [0]    CCP1IE_bit
0x008C       [0]    TXIE_bit
0x008C       [0]    ADIE_bit
0x008C       [1]    PIE1
0x008C       [0]    PSPIE_bit
0x008D       [0]    CCP2IE_bit
0x008D       [0]    BCLIE_bit
0x008D       [0]    EEIE_bit
0x008D       [0]    CMIE_bit
0x008D       [1]    PIE2
0x008E       [0]    NOT_BOR_bit
0x008E       [0]    NOT_POR_bit
0x008E       [1]    PCON
0x008E       [0]    NOT_BO_bit
0x0091       [0]    PEN_bit
0x0091       [0]    SEN_bit
0x0091       [0]    RSEN_bit
0x0091       [0]    RCEN_bit
0x0091       [0]    ACKDT_bit
0x0091       [0]    ACKEN_bit
0x0091       [1]    SSPCON2
0x0091       [0]    ACKSTAT_bit
0x0091       [0]    GCEN_bit
0x0092       [1]    PR2
0x0093       [1]    SSPADD
0x0094       [0]    I2C_DATA_bit
0x0094       [0]    S_bit
0x0094       [0]    READ_WRITE_bit
0x0094       [0]    I2C_START__bit
0x0094       [0]    BF_bit
0x0094       [0]    I2C_READ_bit
0x0094       [0]    SMP_bit
0x0094       [0]    D_bit
0x0094       [0]    D_A_bit
0x0094       [0]    CKE_bit
0x0094       [1]    SSPSTAT
0x0094       [0]    UA_bit
0x0094       [0]    DATA_ADDRESS_bit
0x0094       [0]    I2C_STOP__bit
0x0094       [0]    P_bit
0x0094       [0]    R_bit
0x0094       [0]    NOT_A_bit
0x0094       [0]    NOT_W_bit
0x0094       [0]    NOT_ADDRESS_bit
0x0094       [0]    NOT_WRITE_bit
0x0094       [0]    R_W_bit
0x0098       [0]    SYNC_bit
0x0098       [0]    CSRC_bit
0x0098       [1]    TXSTA
0x0098       [0]    TXEN_bit
0x0098       [0]    NOT_TX8_bit
0x0098       [0]    TX9D_bit
0x0098       [0]    TX8_9_bit
0x0098       [0]    TX9_bit
0x0098       [0]    BRGH_bit
0x0098       [0]    TXD8_bit
0x0098       [0]    TRMT_bit
0x0099       [1]    SPBRG
0x009C       [0]    CM2_bit
0x009C       [0]    CIS_bit
0x009C       [0]    C2INV_bit
0x009C       [0]    C2OUT_bit
0x009C       [1]    CMCON
0x009C       [0]    C1INV_bit
0x009C       [0]    C1OUT_bit
0x009C       [0]    CM1_bit
0x009C       [0]    CM0_bit
0x009D       [0]    CVR0_bit
0x009D       [0]    CVR2_bit
0x009D       [0]    CVR3_bit
0x009D       [0]    CVR1_bit
0x009D       [0]    CVREN_bit
0x009D       [1]    CVRCON
0x009D       [0]    CVRR_bit
0x009D       [0]    CVROE_bit
0x009E       [1]    ADRESL
0x009F       [0]    PCFG3_bit
0x009F       [0]    PCFG2_bit
0x009F       [0]    PCFG1_bit
0x009F       [0]    ADCS2_bit
0x009F       [0]    ADFM_bit
0x009F       [1]    ADCON1
0x009F       [0]    PCFG0_bit
0x010C       [1]    EEDATA
0x010D       [1]    EEADR
0x010E       [1]    EEDATH
0x010F       [1]    EEADRH
0x018C       [0]    RD_bit
0x018C       [0]    WRERR_bit
0x018C       [0]    WR_bit
0x018C       [0]    WREN_bit
0x018C       [0]    EEPGD_bit
0x018C       [1]    EECON1
0x018D       [1]    EECON2
//** Constants locations ** 
//ADDRESS    SIZE    CONSTANT
//----------------------------------------------
0x050E       [5]    ?ICS?lstr1_vm
0x0513       [2]    ?ICS?lstr6_vm
0x0515      [11]    ?ICS?lstr3_vm
0x0520       [5]    ?ICS?lstr2_vm
0x0525      [11]    ?ICS?lstr5_vm
0x0530       [2]    ?ICS?lstr4_vm
//** Label List: ** 
//----------------------------------------------
  L_look0
  L_look1
  L_look2
  L_look3
  L_look4
  L_look5
  L_look6
  L_look7
  L_look8
  L_look9
  L_look10
  L_look11
  L_look12
  L_main13
  L_main14
  L_main15
  L_main16
  L_main17
  L_main18
  L_main19
  L__main20
  _look
  L__look21
  L__look22
  L__look23
  L__look24
  L__look25
  L__look26
  L__look27
  L__look28
  L__look29
  L__look30
  _main
  L__main31
  L__main32
  L_ADC_Get_Sample0
  L_ADC_Get_Sample1
  L_ADC_Read2
  L_ADC_Read3
  _ADC_Init
  _ADC_Get_Sample
  _ADC_Read
  L_Delay_10us0
  L_Delay_22us1
  L_Delay_50us2
  L_Delay_80us3
  L_Delay_500us4
  L_Delay_5500us5
  L_Delay_1ms6
  L_Delay_5ms7
  L_Delay_8ms8
  L_Delay_10ms9
  L_Delay_100ms10
  L_Delay_1sec11
  L_boot16_Delay_5ms12
  L_Delay_Cyc13
  L_Delay_Cyc14
  L_VDelay_ms15
  L_VDelay_ms16
  L_VDelay_ms17
  L_VDelay_Advanced_ms18
  L_VDelay_Advanced_ms19
  L_VDelay_Advanced_ms20
  _Get_Fosc_kHz
  _Delay_1us
  _Delay_10us
  _Delay_22us
  _Delay_50us
  _Delay_80us
  _Delay_500us
  _Delay_5500us
  _Delay_1ms
  _Delay_5ms
  _Delay_8ms
  _Delay_10ms
  _Delay_100ms
  _Delay_1sec
  _boot16_Delay_5ms
  _Delay_Cyc
  _VDelay_ms
  L__VDelay_ms21
  L__VDelay_ms22
  L__VDelay_ms23
  _VDelay_Advanced_ms
  L__VDelay_Advanced_ms24
  L__VDelay_Advanced_ms25
  L__VDelay_Advanced_ms26
  L_Lcd_Cmd0
  L_Lcd_Cmd1
  L_Lcd_Out_CP2
  L_Lcd_Out_CP3
  L_Lcd_Chr4
  L_Lcd_Chr5
  L_Lcd_Chr6
  L_Lcd_Chr7
  L_Lcd_Chr8
  L_Lcd_Chr9
  L_Lcd_Chr10
  L_Lcd_Out11
  L_Lcd_Out12
  L_Lcd_Out13
  L_Lcd_Out14
  L_Lcd_Out15
  L_Lcd_Out16
  L_Lcd_Out17
  L_Lcd_Out18
  L_Lcd_Out19
  _Lcd_Cmd
  L__Lcd_Cmd20
  L__Lcd_Cmd21
  L__Lcd_Cmd22
  L__Lcd_Cmd23
  L__Lcd_Cmd24
  L__Lcd_Cmd25
  L__Lcd_Cmd26
  L__Lcd_Cmd27
  L__Lcd_Cmd28
  L__Lcd_Cmd29
  L__Lcd_Cmd30
  L__Lcd_Cmd31
  L__Lcd_Cmd32
  L__Lcd_Cmd33
  L__Lcd_Cmd34
  L__Lcd_Cmd35
  L__Lcd_Cmd36
  L__Lcd_Cmd37
  L__Lcd_Cmd38
  L__Lcd_Cmd39
  _Lcd_Chr_CP
  _Lcd_Out_CP
  _Lcd_Chr
  _Lcd_Init
  _Lcd_Out
  L_Div_16x16_S0
  L_Div_16x16_S1
  LOOPS3232A
  SADD22LA
  SOK22LA
  SADD22L8
  SOK22L8
  LOOPS3232B
  SADD22LB
  SOK22LB
  SADD22L16
  SOK22L16
  LOOPS3232C
  SADD22LC
  SOK22LC
  SADD22L24
  SOK22L24
  LOOPS3232D
  SADD22LD
  SOK22LD
  SOK22L
  L_Div_32x32_S6
  L_Div_32x32_S7
  L_Div_32x32_S8
  L_Div_32x32_S9
  FXD3232S
  END_ALL
  CA3232S
  C3232SX
  C3232SX1
  C3232S
  C3232S2
  C3232SX4
  C3232SOK
  C3232SX3
  C3232SX2
  avoid_comfrem
  LOOPU3232A
  UADD22LA
  UOK22LA
  UADD22L8
  UOK22L8
  LOOPU3232B
  UADD22LB
  UOK22LB
  UADD22L16
  UOK22L16
  LOOPU3232C
  UADD22LC
  UOK22LC
  UADD22L24
  UOK22L24
  LOOPU3232D
  UADD22LD
  UOK22LD
  UOK22L
  _NEXT
  _EXIT2
  _LOOP
  _EXIT1
  _IF_FIRST
  _IF_SECOND
  _INVERCE_FIRST
  _MULT
  _INBERSE_SECOND
  _EXIT
  _Mul_8x8_U
  _Mul_16x16_U
  _Div_8x8_U
  _Div_16x16_U
  _Mul_8x8_S
  _Mul_16x16_S
  _Div_16x16_S_L
  _Div_16x16_S
  _Div_8x8_S
  _SDIV3232L
  _COMFREM
  _Div_32x32_S
  _Div_32x32_U
  _Mul_32x32_U
  _Mul_32x32_S
  SETFOV32EEE
  SETFUN32EEE
  NORM3232
  JPNRES032
  JPNSETFUN32
  NORM3232A
  JMPNFIXSIGN32
  NORM32EEE
  NRMRND4032
  NRM4032
  JMPSETFOV32
  NORM4032
  JMPRES032
  JMPSETFUN32
  NORM4032A
  JMPFIXSIGN32
  NRM4032EEE
  USEA32
  JMPEEE
  ALIGNED32
  ALIGNB32
  ALOOPB32
  AOK32
  ACOMP32
  JMPNRMRND4032
  ADD_JMPSETFOV32
  JMPNRM4032
  JMPNRM32
  ADD32EEE
  FPM32
  JPMRES032
  M32BNE0
  MTUN32
  JPMSETFOV32
  MOK32
  JPMSETFUN32
  MLOOP32
  MNOADD32
  MADD32
  MROUND32
  MUL32OK
  MUL32EEE
  L_Div_32x32_FP7
  L_Div_32x32_FP8
  L_Div_32x32_FP9
  L_Div_32x32_FP10
  FPD32
  JPDSETFDZ32
  JPDRES032
  D32BNE0
  TALIGN32
  TS1ALIGN32
  TS2ALIGN32
  DALIGN32OK
  ALTB32
  AGEB32
  JPDSETFOV32
  DARGOK32
  JPDSETFUN32
  DLOOP32
  DS132
  DS232
  DREST32
  DOK32
  DAREST32
  DROUND32
  DIV32OK
  DIV32EEE
  SETIOV3224EEE
  INT3232U
  INT3232UEOK
  SETEXP32U
  SETIOV32U
  TSHIFT3232U
  SHIFT3232UOK
  SHIFT3232U
  INT3232UOK
  JPLSETIOV3224
  IRES032U
  INT3232UEER
  INT3232UEEE
  L_Double2Longword_0
  INT3232
  INT3232EOK
  SETIOV32
  TSHIFT3232
  SHIFT3232OK
  SHIFT3232
  INT3232OK
  JPISETIOV3224
  IRES032
  INT3232EER
  INT3232EEE
  L_Double2Longint_0
  INT3216
  IRES016
  SETIOV16
  TSHIFT3216
  SHIFT3216OK
  SHIFT3216
  INT3216OK
  JPJSETIOV3224
  INT3216EOK
  INT3216EER
  INT3216EEE
  L_Double2Int_0
  INT3216U
  IRES016U
  SETEXP16U
  SETIOV16U
  TSHIFT3216U
  SHIFT3216UOK
  SHIFT3216U
  INT3216UOK
  JPKSETIOV3224
  INT3216UEOK
  INT3216UEER
  INT3216UEEE
  L_Double2Word_0
  INT32U08
  IRES008
  SETEXP08
  SETIOV08
  TSHIFT3208
  SHIFT3208OK
  SHIFT3208
  INT3208OK
  D2B_JPKSETIOV3224
  INT3208EOK
  INT3208EER
  INT3208EEE
  L_Double2Byte_0
  FLO08U32
  FLO1632
  FLO1632EEE
  FLO16U32
  FLO3232
  FLO3232EEE
  FLO32U32
  EQU_FALSE
  COMPARE_EQU
  COMPARE_NOTZERO
  COMPARE_XNOTZERO
  COMPARE_YNOTZERO
  COMPARE_LT
  COMPARE_GT
  COMPARE_TESTALL
  COMPARE_C1
  GT_FALSE
  GT_TRUE
  COMPARE_C2
  COMPARE_C3
  _SETFOV32
  _SETFDZ32
  _FIXSIGN32
  _RES032
  _SETFUN32
  _NRM3232
  _NRM4032
  _Add_32x32_FP
  _Sub_32x32_FP
  _Mul_32x32_FP
  _Div_32x32_FP
  _SETIOV3224
  _Double2Longword
  _Double2Longint
  _Double2Int
  _Double2Word
  _Double2Byte
  _Byte2Double
  _Int2Double
  _Word2Double
  _Longint2Double
  _Longword2Double
  _Equals_Double
  _Compare_Double
  _CC2D_Loop1
  _____DoICP
  _____DoIFC
  ___CC2DW
  _Swap
